2019-11-18 10:49:00 [scrapy.utils.log] INFO: Scrapy 1.7.3 started (bot: cyzone)
2019-11-18 10:49:00 [scrapy.utils.log] INFO: Versions: lxml 4.3.4.0, libxml2 2.9.5, cssselect 1.0.3, parsel 1.5.1, w3lib 1.20.0, Twisted 19.7.0, Python 3.6.7 (v3.6.7:6ec5cf24b7, Oct 20 2018, 13:35:33) [MSC v.1900 64 bit (AMD64)], pyOpenSSL 19.0.0 (OpenSSL 1.1.1c  28 May 2019), cryptography 2.7, Platform Windows-10-10.0.18362-SP0
2019-11-18 10:49:00 [scrapy.crawler] INFO: Overridden settings: {'BOT_NAME': 'cyzone', 'COOKIES_ENABLED': False, 'DUPEFILTER_CLASS': 'scrapy_redis.dupefilter.RFPDupeFilter', 'LOG_FILE': 'log/scrapy_2019_11_18.log', 'LOG_LEVEL': 'INFO', 'NEWSPIDER_MODULE': 'cyzone.spiders', 'SCHEDULER': 'scrapy_redis.scheduler.Scheduler', 'SPIDER_MODULES': ['cyzone.spiders'], 'USER_AGENT': 'Mozilla/5.0 (Macintosh; Intel Mac OS X 10_10_5) AppleWebKit/537.36 (KHTML, like Gecko) Chrome/55.0.2883.95 Safari/537.36'}
2019-11-18 10:49:00 [scrapy.extensions.telnet] INFO: Telnet Password: 971ead6803f6c4f9
2019-11-18 10:49:00 [scrapy.middleware] INFO: Enabled extensions:
['scrapy.extensions.corestats.CoreStats',
 'scrapy.extensions.telnet.TelnetConsole',
 'scrapy.extensions.logstats.LogStats']
2019-11-18 10:49:00 [run] INFO: Reading start URLs from redis key 'run:start_urls' (batch size: 16, encoding: utf-8
2019-11-18 10:49:01 [scrapy.middleware] INFO: Enabled downloader middlewares:
['scrapy.downloadermiddlewares.httpauth.HttpAuthMiddleware',
 'scrapy.downloadermiddlewares.downloadtimeout.DownloadTimeoutMiddleware',
 'scrapy.downloadermiddlewares.defaultheaders.DefaultHeadersMiddleware',
 'scrapy.downloadermiddlewares.useragent.UserAgentMiddleware',
 'scrapy.downloadermiddlewares.retry.RetryMiddleware',
 'scrapy.downloadermiddlewares.redirect.MetaRefreshMiddleware',
 'scrapy.downloadermiddlewares.httpcompression.HttpCompressionMiddleware',
 'scrapy.downloadermiddlewares.redirect.RedirectMiddleware',
 'scrapy.downloadermiddlewares.httpproxy.HttpProxyMiddleware',
 'scrapy.downloadermiddlewares.stats.DownloaderStats']
2019-11-18 10:49:01 [scrapy.middleware] INFO: Enabled spider middlewares:
['scrapy.spidermiddlewares.httperror.HttpErrorMiddleware',
 'scrapy.spidermiddlewares.offsite.OffsiteMiddleware',
 'scrapy.spidermiddlewares.referer.RefererMiddleware',
 'scrapy.spidermiddlewares.urllength.UrlLengthMiddleware',
 'scrapy.spidermiddlewares.depth.DepthMiddleware']
2019-11-18 10:49:01 [scrapy.middleware] INFO: Enabled item pipelines:
['scrapy_redis.pipelines.RedisPipeline']
2019-11-18 10:49:01 [scrapy.core.engine] INFO: Spider opened
2019-11-18 10:49:01 [scrapy.extensions.logstats] INFO: Crawled 0 pages (at 0 pages/min), scraped 0 items (at 0 items/min)
2019-11-18 10:49:01 [scrapy.extensions.telnet] INFO: Telnet console listening on 127.0.0.1:6023
2019-11-18 10:50:01 [scrapy.extensions.logstats] INFO: Crawled 0 pages (at 0 pages/min), scraped 0 items (at 0 items/min)
2019-11-18 10:55:00 [scrapy.utils.log] INFO: Scrapy 1.7.3 started (bot: cyzone)
2019-11-18 10:55:00 [scrapy.utils.log] INFO: Versions: lxml 4.3.4.0, libxml2 2.9.5, cssselect 1.0.3, parsel 1.5.1, w3lib 1.20.0, Twisted 19.7.0, Python 3.6.7 (v3.6.7:6ec5cf24b7, Oct 20 2018, 13:35:33) [MSC v.1900 64 bit (AMD64)], pyOpenSSL 19.0.0 (OpenSSL 1.1.1c  28 May 2019), cryptography 2.7, Platform Windows-10-10.0.18362-SP0
2019-11-18 10:55:00 [scrapy.crawler] INFO: Overridden settings: {'BOT_NAME': 'cyzone', 'COOKIES_ENABLED': False, 'DUPEFILTER_CLASS': 'scrapy_redis.dupefilter.RFPDupeFilter', 'LOG_FILE': 'log/scrapy_2019_11_18.log', 'LOG_LEVEL': 'INFO', 'NEWSPIDER_MODULE': 'cyzone.spiders', 'SCHEDULER': 'scrapy_redis.scheduler.Scheduler', 'SPIDER_MODULES': ['cyzone.spiders'], 'USER_AGENT': 'Mozilla/5.0 (Macintosh; Intel Mac OS X 10_10_5) AppleWebKit/537.36 (KHTML, like Gecko) Chrome/55.0.2883.95 Safari/537.36'}
2019-11-18 10:55:00 [scrapy.extensions.telnet] INFO: Telnet Password: 646b23d90e24db81
2019-11-18 10:55:00 [scrapy.middleware] INFO: Enabled extensions:
['scrapy.extensions.corestats.CoreStats',
 'scrapy.extensions.telnet.TelnetConsole',
 'scrapy.extensions.logstats.LogStats']
2019-11-18 10:55:00 [run] INFO: Reading start URLs from redis key 'run:start_urls' (batch size: 16, encoding: utf-8
2019-11-18 10:55:00 [scrapy.middleware] INFO: Enabled downloader middlewares:
['scrapy.downloadermiddlewares.httpauth.HttpAuthMiddleware',
 'scrapy.downloadermiddlewares.downloadtimeout.DownloadTimeoutMiddleware',
 'scrapy.downloadermiddlewares.defaultheaders.DefaultHeadersMiddleware',
 'scrapy.downloadermiddlewares.useragent.UserAgentMiddleware',
 'scrapy.downloadermiddlewares.retry.RetryMiddleware',
 'scrapy.downloadermiddlewares.redirect.MetaRefreshMiddleware',
 'scrapy.downloadermiddlewares.httpcompression.HttpCompressionMiddleware',
 'scrapy.downloadermiddlewares.redirect.RedirectMiddleware',
 'scrapy.downloadermiddlewares.httpproxy.HttpProxyMiddleware',
 'scrapy.downloadermiddlewares.stats.DownloaderStats']
2019-11-18 10:55:00 [scrapy.middleware] INFO: Enabled spider middlewares:
['scrapy.spidermiddlewares.httperror.HttpErrorMiddleware',
 'scrapy.spidermiddlewares.offsite.OffsiteMiddleware',
 'scrapy.spidermiddlewares.referer.RefererMiddleware',
 'scrapy.spidermiddlewares.urllength.UrlLengthMiddleware',
 'scrapy.spidermiddlewares.depth.DepthMiddleware']
2019-11-18 10:55:00 [scrapy.middleware] INFO: Enabled item pipelines:
['scrapy_redis.pipelines.RedisPipeline']
2019-11-18 10:55:00 [scrapy.core.engine] INFO: Spider opened
2019-11-18 10:55:00 [scrapy.extensions.logstats] INFO: Crawled 0 pages (at 0 pages/min), scraped 0 items (at 0 items/min)
2019-11-18 10:55:00 [scrapy.extensions.telnet] INFO: Telnet console listening on 127.0.0.1:6023
2019-11-18 10:56:00 [scrapy.extensions.logstats] INFO: Crawled 16 pages (at 16 pages/min), scraped 0 items (at 0 items/min)
2019-11-18 10:57:00 [scrapy.extensions.logstats] INFO: Crawled 16 pages (at 0 pages/min), scraped 0 items (at 0 items/min)
2019-11-18 10:58:00 [scrapy.extensions.logstats] INFO: Crawled 48 pages (at 32 pages/min), scraped 0 items (at 0 items/min)
2019-11-18 10:59:00 [scrapy.extensions.logstats] INFO: Crawled 48 pages (at 0 pages/min), scraped 0 items (at 0 items/min)
2019-11-18 11:00:00 [scrapy.extensions.logstats] INFO: Crawled 48 pages (at 0 pages/min), scraped 0 items (at 0 items/min)
2019-11-18 11:01:00 [scrapy.extensions.logstats] INFO: Crawled 48 pages (at 0 pages/min), scraped 0 items (at 0 items/min)
2019-11-18 11:02:00 [scrapy.extensions.logstats] INFO: Crawled 48 pages (at 0 pages/min), scraped 0 items (at 0 items/min)
2019-11-18 11:03:00 [scrapy.extensions.logstats] INFO: Crawled 48 pages (at 0 pages/min), scraped 0 items (at 0 items/min)
2019-11-18 11:04:00 [scrapy.extensions.logstats] INFO: Crawled 48 pages (at 0 pages/min), scraped 0 items (at 0 items/min)
2019-11-18 11:05:00 [scrapy.extensions.logstats] INFO: Crawled 48 pages (at 0 pages/min), scraped 0 items (at 0 items/min)
2019-11-18 11:06:00 [scrapy.extensions.logstats] INFO: Crawled 64 pages (at 16 pages/min), scraped 0 items (at 0 items/min)
2019-11-18 11:07:00 [scrapy.extensions.logstats] INFO: Crawled 64 pages (at 0 pages/min), scraped 0 items (at 0 items/min)
2019-11-18 11:08:00 [scrapy.extensions.logstats] INFO: Crawled 64 pages (at 0 pages/min), scraped 0 items (at 0 items/min)
2019-11-18 11:09:00 [scrapy.extensions.logstats] INFO: Crawled 64 pages (at 0 pages/min), scraped 0 items (at 0 items/min)
2019-11-18 11:10:00 [scrapy.extensions.logstats] INFO: Crawled 64 pages (at 0 pages/min), scraped 0 items (at 0 items/min)
2019-11-18 11:11:00 [scrapy.extensions.logstats] INFO: Crawled 64 pages (at 0 pages/min), scraped 0 items (at 0 items/min)
2019-11-18 11:12:00 [scrapy.extensions.logstats] INFO: Crawled 64 pages (at 0 pages/min), scraped 0 items (at 0 items/min)
2019-11-18 11:13:00 [scrapy.extensions.logstats] INFO: Crawled 64 pages (at 0 pages/min), scraped 0 items (at 0 items/min)
2019-11-18 11:14:00 [scrapy.extensions.logstats] INFO: Crawled 64 pages (at 0 pages/min), scraped 0 items (at 0 items/min)
2019-11-18 11:15:00 [scrapy.extensions.logstats] INFO: Crawled 64 pages (at 0 pages/min), scraped 0 items (at 0 items/min)
2019-11-18 11:16:00 [scrapy.extensions.logstats] INFO: Crawled 64 pages (at 0 pages/min), scraped 0 items (at 0 items/min)
2019-11-18 11:17:00 [scrapy.extensions.logstats] INFO: Crawled 64 pages (at 0 pages/min), scraped 0 items (at 0 items/min)
2019-11-18 11:18:00 [scrapy.extensions.logstats] INFO: Crawled 64 pages (at 0 pages/min), scraped 0 items (at 0 items/min)
2019-11-18 11:19:00 [scrapy.extensions.logstats] INFO: Crawled 64 pages (at 0 pages/min), scraped 0 items (at 0 items/min)
2019-11-18 11:20:00 [scrapy.extensions.logstats] INFO: Crawled 64 pages (at 0 pages/min), scraped 0 items (at 0 items/min)
2019-11-18 11:21:00 [scrapy.extensions.logstats] INFO: Crawled 64 pages (at 0 pages/min), scraped 0 items (at 0 items/min)
2019-11-18 11:22:00 [scrapy.extensions.logstats] INFO: Crawled 64 pages (at 0 pages/min), scraped 0 items (at 0 items/min)
2019-11-18 11:23:00 [scrapy.extensions.logstats] INFO: Crawled 64 pages (at 0 pages/min), scraped 0 items (at 0 items/min)
2019-11-18 11:24:00 [scrapy.extensions.logstats] INFO: Crawled 64 pages (at 0 pages/min), scraped 0 items (at 0 items/min)
2019-11-18 11:25:00 [scrapy.extensions.logstats] INFO: Crawled 64 pages (at 0 pages/min), scraped 0 items (at 0 items/min)
2019-11-18 11:26:00 [scrapy.extensions.logstats] INFO: Crawled 64 pages (at 0 pages/min), scraped 0 items (at 0 items/min)
2019-11-18 11:27:00 [scrapy.extensions.logstats] INFO: Crawled 64 pages (at 0 pages/min), scraped 0 items (at 0 items/min)
2019-11-18 11:28:00 [scrapy.extensions.logstats] INFO: Crawled 64 pages (at 0 pages/min), scraped 0 items (at 0 items/min)
2019-11-18 11:29:00 [scrapy.extensions.logstats] INFO: Crawled 64 pages (at 0 pages/min), scraped 0 items (at 0 items/min)
2019-11-18 11:30:00 [scrapy.extensions.logstats] INFO: Crawled 64 pages (at 0 pages/min), scraped 0 items (at 0 items/min)
2019-11-18 11:31:00 [scrapy.extensions.logstats] INFO: Crawled 64 pages (at 0 pages/min), scraped 0 items (at 0 items/min)
2019-11-18 11:32:00 [scrapy.extensions.logstats] INFO: Crawled 64 pages (at 0 pages/min), scraped 0 items (at 0 items/min)
2019-11-18 11:33:00 [scrapy.extensions.logstats] INFO: Crawled 64 pages (at 0 pages/min), scraped 0 items (at 0 items/min)
2019-11-18 11:34:00 [scrapy.extensions.logstats] INFO: Crawled 64 pages (at 0 pages/min), scraped 0 items (at 0 items/min)
2019-11-18 11:35:00 [scrapy.extensions.logstats] INFO: Crawled 64 pages (at 0 pages/min), scraped 0 items (at 0 items/min)
2019-11-18 11:36:00 [scrapy.extensions.logstats] INFO: Crawled 64 pages (at 0 pages/min), scraped 0 items (at 0 items/min)
2019-11-18 11:37:00 [scrapy.extensions.logstats] INFO: Crawled 64 pages (at 0 pages/min), scraped 0 items (at 0 items/min)
2019-11-18 11:38:00 [scrapy.extensions.logstats] INFO: Crawled 64 pages (at 0 pages/min), scraped 0 items (at 0 items/min)
2019-11-18 11:39:00 [scrapy.extensions.logstats] INFO: Crawled 64 pages (at 0 pages/min), scraped 0 items (at 0 items/min)
2019-11-18 11:40:00 [scrapy.extensions.logstats] INFO: Crawled 64 pages (at 0 pages/min), scraped 0 items (at 0 items/min)
2019-11-18 11:41:00 [scrapy.extensions.logstats] INFO: Crawled 64 pages (at 0 pages/min), scraped 0 items (at 0 items/min)
2019-11-18 11:42:00 [scrapy.extensions.logstats] INFO: Crawled 64 pages (at 0 pages/min), scraped 0 items (at 0 items/min)
2019-11-18 11:43:00 [scrapy.extensions.logstats] INFO: Crawled 64 pages (at 0 pages/min), scraped 0 items (at 0 items/min)
2019-11-18 11:44:00 [scrapy.extensions.logstats] INFO: Crawled 64 pages (at 0 pages/min), scraped 0 items (at 0 items/min)
2019-11-18 11:45:00 [scrapy.extensions.logstats] INFO: Crawled 64 pages (at 0 pages/min), scraped 0 items (at 0 items/min)
2019-11-18 11:46:00 [scrapy.extensions.logstats] INFO: Crawled 64 pages (at 0 pages/min), scraped 0 items (at 0 items/min)
2019-11-18 11:47:00 [scrapy.extensions.logstats] INFO: Crawled 64 pages (at 0 pages/min), scraped 0 items (at 0 items/min)
2019-11-18 11:48:00 [scrapy.extensions.logstats] INFO: Crawled 64 pages (at 0 pages/min), scraped 0 items (at 0 items/min)
2019-11-18 11:49:00 [scrapy.extensions.logstats] INFO: Crawled 64 pages (at 0 pages/min), scraped 0 items (at 0 items/min)
2019-11-18 11:50:00 [scrapy.extensions.logstats] INFO: Crawled 64 pages (at 0 pages/min), scraped 0 items (at 0 items/min)
2019-11-18 11:51:00 [scrapy.extensions.logstats] INFO: Crawled 64 pages (at 0 pages/min), scraped 0 items (at 0 items/min)
2019-11-18 11:52:00 [scrapy.extensions.logstats] INFO: Crawled 64 pages (at 0 pages/min), scraped 0 items (at 0 items/min)
2019-11-18 11:53:00 [scrapy.extensions.logstats] INFO: Crawled 64 pages (at 0 pages/min), scraped 0 items (at 0 items/min)
2019-11-18 11:54:00 [scrapy.extensions.logstats] INFO: Crawled 64 pages (at 0 pages/min), scraped 0 items (at 0 items/min)
2019-11-18 11:55:00 [scrapy.extensions.logstats] INFO: Crawled 64 pages (at 0 pages/min), scraped 0 items (at 0 items/min)
2019-11-18 11:56:00 [scrapy.extensions.logstats] INFO: Crawled 64 pages (at 0 pages/min), scraped 0 items (at 0 items/min)
2019-11-18 11:57:00 [scrapy.extensions.logstats] INFO: Crawled 64 pages (at 0 pages/min), scraped 0 items (at 0 items/min)
2019-11-18 11:58:00 [scrapy.extensions.logstats] INFO: Crawled 64 pages (at 0 pages/min), scraped 0 items (at 0 items/min)
2019-11-18 11:59:00 [scrapy.extensions.logstats] INFO: Crawled 64 pages (at 0 pages/min), scraped 0 items (at 0 items/min)
2019-11-18 12:00:00 [scrapy.extensions.logstats] INFO: Crawled 64 pages (at 0 pages/min), scraped 0 items (at 0 items/min)
2019-11-18 12:01:00 [scrapy.extensions.logstats] INFO: Crawled 64 pages (at 0 pages/min), scraped 0 items (at 0 items/min)
2019-11-18 12:02:00 [scrapy.extensions.logstats] INFO: Crawled 64 pages (at 0 pages/min), scraped 0 items (at 0 items/min)
2019-11-18 12:03:00 [scrapy.extensions.logstats] INFO: Crawled 64 pages (at 0 pages/min), scraped 0 items (at 0 items/min)
2019-11-18 12:04:00 [scrapy.extensions.logstats] INFO: Crawled 64 pages (at 0 pages/min), scraped 0 items (at 0 items/min)
2019-11-18 12:05:00 [scrapy.extensions.logstats] INFO: Crawled 64 pages (at 0 pages/min), scraped 0 items (at 0 items/min)
2019-11-18 12:06:00 [scrapy.extensions.logstats] INFO: Crawled 64 pages (at 0 pages/min), scraped 0 items (at 0 items/min)
2019-11-18 12:07:00 [scrapy.extensions.logstats] INFO: Crawled 64 pages (at 0 pages/min), scraped 0 items (at 0 items/min)
2019-11-18 12:08:00 [scrapy.extensions.logstats] INFO: Crawled 64 pages (at 0 pages/min), scraped 0 items (at 0 items/min)
2019-11-18 12:09:00 [scrapy.extensions.logstats] INFO: Crawled 64 pages (at 0 pages/min), scraped 0 items (at 0 items/min)
2019-11-18 12:10:00 [scrapy.extensions.logstats] INFO: Crawled 64 pages (at 0 pages/min), scraped 0 items (at 0 items/min)
2019-11-18 12:11:00 [scrapy.extensions.logstats] INFO: Crawled 64 pages (at 0 pages/min), scraped 0 items (at 0 items/min)
2019-11-18 12:12:00 [scrapy.extensions.logstats] INFO: Crawled 64 pages (at 0 pages/min), scraped 0 items (at 0 items/min)
2019-11-18 12:13:00 [scrapy.extensions.logstats] INFO: Crawled 64 pages (at 0 pages/min), scraped 0 items (at 0 items/min)
2019-11-18 12:14:00 [scrapy.extensions.logstats] INFO: Crawled 64 pages (at 0 pages/min), scraped 0 items (at 0 items/min)
2019-11-18 12:15:00 [scrapy.extensions.logstats] INFO: Crawled 64 pages (at 0 pages/min), scraped 0 items (at 0 items/min)
2019-11-18 12:16:00 [scrapy.extensions.logstats] INFO: Crawled 64 pages (at 0 pages/min), scraped 0 items (at 0 items/min)
2019-11-18 12:17:00 [scrapy.extensions.logstats] INFO: Crawled 64 pages (at 0 pages/min), scraped 0 items (at 0 items/min)
2019-11-18 12:18:00 [scrapy.extensions.logstats] INFO: Crawled 64 pages (at 0 pages/min), scraped 0 items (at 0 items/min)
2019-11-18 12:19:00 [scrapy.extensions.logstats] INFO: Crawled 64 pages (at 0 pages/min), scraped 0 items (at 0 items/min)
2019-11-18 12:20:00 [scrapy.extensions.logstats] INFO: Crawled 64 pages (at 0 pages/min), scraped 0 items (at 0 items/min)
2019-11-18 12:21:00 [scrapy.extensions.logstats] INFO: Crawled 64 pages (at 0 pages/min), scraped 0 items (at 0 items/min)
2019-11-18 12:22:00 [scrapy.extensions.logstats] INFO: Crawled 64 pages (at 0 pages/min), scraped 0 items (at 0 items/min)
2019-11-18 12:23:00 [scrapy.extensions.logstats] INFO: Crawled 64 pages (at 0 pages/min), scraped 0 items (at 0 items/min)
2019-11-18 12:24:00 [scrapy.extensions.logstats] INFO: Crawled 64 pages (at 0 pages/min), scraped 0 items (at 0 items/min)
2019-11-18 12:25:00 [scrapy.extensions.logstats] INFO: Crawled 64 pages (at 0 pages/min), scraped 0 items (at 0 items/min)
2019-11-18 12:26:00 [scrapy.extensions.logstats] INFO: Crawled 64 pages (at 0 pages/min), scraped 0 items (at 0 items/min)
2019-11-18 12:27:00 [scrapy.extensions.logstats] INFO: Crawled 64 pages (at 0 pages/min), scraped 0 items (at 0 items/min)
2019-11-18 12:28:00 [scrapy.extensions.logstats] INFO: Crawled 64 pages (at 0 pages/min), scraped 0 items (at 0 items/min)
2019-11-18 12:29:00 [scrapy.extensions.logstats] INFO: Crawled 64 pages (at 0 pages/min), scraped 0 items (at 0 items/min)
2019-11-18 12:30:00 [scrapy.extensions.logstats] INFO: Crawled 64 pages (at 0 pages/min), scraped 0 items (at 0 items/min)
2019-11-18 12:31:00 [scrapy.extensions.logstats] INFO: Crawled 64 pages (at 0 pages/min), scraped 0 items (at 0 items/min)
2019-11-18 12:32:00 [scrapy.extensions.logstats] INFO: Crawled 64 pages (at 0 pages/min), scraped 0 items (at 0 items/min)
2019-11-18 12:33:00 [scrapy.extensions.logstats] INFO: Crawled 64 pages (at 0 pages/min), scraped 0 items (at 0 items/min)
2019-11-18 12:34:00 [scrapy.extensions.logstats] INFO: Crawled 64 pages (at 0 pages/min), scraped 0 items (at 0 items/min)
2019-11-18 12:35:00 [scrapy.extensions.logstats] INFO: Crawled 64 pages (at 0 pages/min), scraped 0 items (at 0 items/min)
2019-11-18 12:36:00 [scrapy.extensions.logstats] INFO: Crawled 64 pages (at 0 pages/min), scraped 0 items (at 0 items/min)
2019-11-18 12:37:00 [scrapy.extensions.logstats] INFO: Crawled 64 pages (at 0 pages/min), scraped 0 items (at 0 items/min)
2019-11-18 12:38:00 [scrapy.extensions.logstats] INFO: Crawled 64 pages (at 0 pages/min), scraped 0 items (at 0 items/min)
2019-11-18 12:39:00 [scrapy.extensions.logstats] INFO: Crawled 64 pages (at 0 pages/min), scraped 0 items (at 0 items/min)
2019-11-18 12:40:00 [scrapy.extensions.logstats] INFO: Crawled 64 pages (at 0 pages/min), scraped 0 items (at 0 items/min)
2019-11-18 12:41:00 [scrapy.extensions.logstats] INFO: Crawled 64 pages (at 0 pages/min), scraped 0 items (at 0 items/min)
2019-11-18 12:42:00 [scrapy.extensions.logstats] INFO: Crawled 64 pages (at 0 pages/min), scraped 0 items (at 0 items/min)
2019-11-18 12:43:00 [scrapy.extensions.logstats] INFO: Crawled 64 pages (at 0 pages/min), scraped 0 items (at 0 items/min)
2019-11-18 12:44:00 [scrapy.extensions.logstats] INFO: Crawled 64 pages (at 0 pages/min), scraped 0 items (at 0 items/min)
2019-11-18 12:45:00 [scrapy.extensions.logstats] INFO: Crawled 64 pages (at 0 pages/min), scraped 0 items (at 0 items/min)
2019-11-18 12:46:00 [scrapy.extensions.logstats] INFO: Crawled 64 pages (at 0 pages/min), scraped 0 items (at 0 items/min)
2019-11-18 12:47:00 [scrapy.extensions.logstats] INFO: Crawled 64 pages (at 0 pages/min), scraped 0 items (at 0 items/min)
2019-11-18 12:48:00 [scrapy.extensions.logstats] INFO: Crawled 64 pages (at 0 pages/min), scraped 0 items (at 0 items/min)
2019-11-18 12:49:00 [scrapy.extensions.logstats] INFO: Crawled 64 pages (at 0 pages/min), scraped 0 items (at 0 items/min)
2019-11-18 12:50:00 [scrapy.extensions.logstats] INFO: Crawled 64 pages (at 0 pages/min), scraped 0 items (at 0 items/min)
2019-11-18 12:51:00 [scrapy.extensions.logstats] INFO: Crawled 64 pages (at 0 pages/min), scraped 0 items (at 0 items/min)
2019-11-18 12:52:00 [scrapy.extensions.logstats] INFO: Crawled 64 pages (at 0 pages/min), scraped 0 items (at 0 items/min)
2019-11-18 12:53:00 [scrapy.extensions.logstats] INFO: Crawled 64 pages (at 0 pages/min), scraped 0 items (at 0 items/min)
2019-11-18 12:54:00 [scrapy.extensions.logstats] INFO: Crawled 64 pages (at 0 pages/min), scraped 0 items (at 0 items/min)
2019-11-18 12:55:00 [scrapy.extensions.logstats] INFO: Crawled 64 pages (at 0 pages/min), scraped 0 items (at 0 items/min)
2019-11-18 12:56:00 [scrapy.extensions.logstats] INFO: Crawled 64 pages (at 0 pages/min), scraped 0 items (at 0 items/min)
2019-11-18 12:57:00 [scrapy.extensions.logstats] INFO: Crawled 64 pages (at 0 pages/min), scraped 0 items (at 0 items/min)
2019-11-18 12:58:00 [scrapy.extensions.logstats] INFO: Crawled 64 pages (at 0 pages/min), scraped 0 items (at 0 items/min)
2019-11-18 12:59:00 [scrapy.extensions.logstats] INFO: Crawled 64 pages (at 0 pages/min), scraped 0 items (at 0 items/min)
2019-11-18 13:00:00 [scrapy.extensions.logstats] INFO: Crawled 64 pages (at 0 pages/min), scraped 0 items (at 0 items/min)
2019-11-18 13:01:00 [scrapy.extensions.logstats] INFO: Crawled 64 pages (at 0 pages/min), scraped 0 items (at 0 items/min)
2019-11-18 13:02:00 [scrapy.extensions.logstats] INFO: Crawled 64 pages (at 0 pages/min), scraped 0 items (at 0 items/min)
2019-11-18 13:03:00 [scrapy.extensions.logstats] INFO: Crawled 64 pages (at 0 pages/min), scraped 0 items (at 0 items/min)
2019-11-18 13:04:00 [scrapy.extensions.logstats] INFO: Crawled 64 pages (at 0 pages/min), scraped 0 items (at 0 items/min)
2019-11-18 13:05:00 [scrapy.extensions.logstats] INFO: Crawled 64 pages (at 0 pages/min), scraped 0 items (at 0 items/min)
2019-11-18 13:06:00 [scrapy.extensions.logstats] INFO: Crawled 64 pages (at 0 pages/min), scraped 0 items (at 0 items/min)
2019-11-18 13:07:00 [scrapy.extensions.logstats] INFO: Crawled 64 pages (at 0 pages/min), scraped 0 items (at 0 items/min)
2019-11-18 13:08:00 [scrapy.extensions.logstats] INFO: Crawled 64 pages (at 0 pages/min), scraped 0 items (at 0 items/min)
2019-11-18 13:09:00 [scrapy.extensions.logstats] INFO: Crawled 64 pages (at 0 pages/min), scraped 0 items (at 0 items/min)
2019-11-18 13:10:00 [scrapy.extensions.logstats] INFO: Crawled 64 pages (at 0 pages/min), scraped 0 items (at 0 items/min)
2019-11-18 13:11:00 [scrapy.extensions.logstats] INFO: Crawled 64 pages (at 0 pages/min), scraped 0 items (at 0 items/min)
2019-11-18 13:12:00 [scrapy.extensions.logstats] INFO: Crawled 64 pages (at 0 pages/min), scraped 0 items (at 0 items/min)
2019-11-18 13:13:00 [scrapy.extensions.logstats] INFO: Crawled 64 pages (at 0 pages/min), scraped 0 items (at 0 items/min)
2019-11-18 13:14:00 [scrapy.extensions.logstats] INFO: Crawled 64 pages (at 0 pages/min), scraped 0 items (at 0 items/min)
2019-11-18 13:15:00 [scrapy.extensions.logstats] INFO: Crawled 64 pages (at 0 pages/min), scraped 0 items (at 0 items/min)
2019-11-18 13:16:00 [scrapy.extensions.logstats] INFO: Crawled 64 pages (at 0 pages/min), scraped 0 items (at 0 items/min)
2019-11-18 13:17:00 [scrapy.extensions.logstats] INFO: Crawled 64 pages (at 0 pages/min), scraped 0 items (at 0 items/min)
2019-11-18 13:18:00 [scrapy.extensions.logstats] INFO: Crawled 64 pages (at 0 pages/min), scraped 0 items (at 0 items/min)
2019-11-18 13:19:00 [scrapy.extensions.logstats] INFO: Crawled 64 pages (at 0 pages/min), scraped 0 items (at 0 items/min)
2019-11-18 13:20:00 [scrapy.extensions.logstats] INFO: Crawled 64 pages (at 0 pages/min), scraped 0 items (at 0 items/min)
2019-11-18 13:21:00 [scrapy.extensions.logstats] INFO: Crawled 64 pages (at 0 pages/min), scraped 0 items (at 0 items/min)
2019-11-18 13:22:00 [scrapy.extensions.logstats] INFO: Crawled 64 pages (at 0 pages/min), scraped 0 items (at 0 items/min)
2019-11-18 13:23:00 [scrapy.extensions.logstats] INFO: Crawled 64 pages (at 0 pages/min), scraped 0 items (at 0 items/min)
2019-11-18 13:24:00 [scrapy.extensions.logstats] INFO: Crawled 64 pages (at 0 pages/min), scraped 0 items (at 0 items/min)
2019-11-18 13:25:00 [scrapy.extensions.logstats] INFO: Crawled 64 pages (at 0 pages/min), scraped 0 items (at 0 items/min)
2019-11-18 13:26:00 [scrapy.extensions.logstats] INFO: Crawled 64 pages (at 0 pages/min), scraped 0 items (at 0 items/min)
2019-11-18 13:27:00 [scrapy.extensions.logstats] INFO: Crawled 64 pages (at 0 pages/min), scraped 0 items (at 0 items/min)
2019-11-18 13:28:00 [scrapy.extensions.logstats] INFO: Crawled 64 pages (at 0 pages/min), scraped 0 items (at 0 items/min)
2019-11-18 13:29:00 [scrapy.extensions.logstats] INFO: Crawled 64 pages (at 0 pages/min), scraped 0 items (at 0 items/min)
2019-11-18 13:30:00 [scrapy.extensions.logstats] INFO: Crawled 64 pages (at 0 pages/min), scraped 0 items (at 0 items/min)
2019-11-18 13:31:00 [scrapy.extensions.logstats] INFO: Crawled 64 pages (at 0 pages/min), scraped 0 items (at 0 items/min)
2019-11-18 13:32:00 [scrapy.extensions.logstats] INFO: Crawled 64 pages (at 0 pages/min), scraped 0 items (at 0 items/min)
2019-11-18 13:33:00 [scrapy.extensions.logstats] INFO: Crawled 64 pages (at 0 pages/min), scraped 0 items (at 0 items/min)
2019-11-18 13:34:00 [scrapy.extensions.logstats] INFO: Crawled 64 pages (at 0 pages/min), scraped 0 items (at 0 items/min)
2019-11-18 13:35:00 [scrapy.extensions.logstats] INFO: Crawled 80 pages (at 16 pages/min), scraped 0 items (at 0 items/min)
2019-11-18 13:36:00 [scrapy.extensions.logstats] INFO: Crawled 80 pages (at 0 pages/min), scraped 0 items (at 0 items/min)
2019-11-18 13:37:00 [scrapy.extensions.logstats] INFO: Crawled 80 pages (at 0 pages/min), scraped 0 items (at 0 items/min)
2019-11-18 13:38:00 [scrapy.extensions.logstats] INFO: Crawled 80 pages (at 0 pages/min), scraped 0 items (at 0 items/min)
2019-11-18 13:39:00 [scrapy.extensions.logstats] INFO: Crawled 80 pages (at 0 pages/min), scraped 0 items (at 0 items/min)
2019-11-18 13:40:00 [scrapy.extensions.logstats] INFO: Crawled 80 pages (at 0 pages/min), scraped 0 items (at 0 items/min)
2019-11-18 13:41:00 [scrapy.extensions.logstats] INFO: Crawled 80 pages (at 0 pages/min), scraped 0 items (at 0 items/min)
2019-11-18 13:42:00 [scrapy.extensions.logstats] INFO: Crawled 80 pages (at 0 pages/min), scraped 0 items (at 0 items/min)
2019-11-18 13:43:00 [scrapy.extensions.logstats] INFO: Crawled 96 pages (at 16 pages/min), scraped 0 items (at 0 items/min)
2019-11-18 13:44:00 [scrapy.extensions.logstats] INFO: Crawled 96 pages (at 0 pages/min), scraped 0 items (at 0 items/min)
2019-11-18 13:45:00 [scrapy.extensions.logstats] INFO: Crawled 96 pages (at 0 pages/min), scraped 0 items (at 0 items/min)
2019-11-18 13:46:00 [scrapy.extensions.logstats] INFO: Crawled 112 pages (at 16 pages/min), scraped 0 items (at 0 items/min)
2019-11-18 13:47:00 [scrapy.extensions.logstats] INFO: Crawled 128 pages (at 16 pages/min), scraped 0 items (at 0 items/min)
2019-11-18 13:48:00 [scrapy.extensions.logstats] INFO: Crawled 128 pages (at 0 pages/min), scraped 0 items (at 0 items/min)
2019-11-18 13:49:00 [scrapy.extensions.logstats] INFO: Crawled 128 pages (at 0 pages/min), scraped 0 items (at 0 items/min)
2019-11-18 13:50:00 [scrapy.extensions.logstats] INFO: Crawled 128 pages (at 0 pages/min), scraped 0 items (at 0 items/min)
2019-11-18 13:51:00 [scrapy.extensions.logstats] INFO: Crawled 128 pages (at 0 pages/min), scraped 0 items (at 0 items/min)
2019-11-18 13:52:07 [scrapy.utils.log] INFO: Scrapy 1.7.3 started (bot: cyzone)
2019-11-18 13:52:07 [scrapy.utils.log] INFO: Versions: lxml 4.3.4.0, libxml2 2.9.5, cssselect 1.0.3, parsel 1.5.1, w3lib 1.20.0, Twisted 19.7.0, Python 3.6.7 (v3.6.7:6ec5cf24b7, Oct 20 2018, 13:35:33) [MSC v.1900 64 bit (AMD64)], pyOpenSSL 19.0.0 (OpenSSL 1.1.1c  28 May 2019), cryptography 2.7, Platform Windows-10-10.0.18362-SP0
2019-11-18 13:52:07 [scrapy.crawler] INFO: Overridden settings: {'BOT_NAME': 'cyzone', 'COOKIES_ENABLED': False, 'DUPEFILTER_CLASS': 'scrapy_redis.dupefilter.RFPDupeFilter', 'LOG_FILE': 'log/scrapy_2019_11_18.log', 'LOG_LEVEL': 'INFO', 'NEWSPIDER_MODULE': 'cyzone.spiders', 'SCHEDULER': 'scrapy_redis.scheduler.Scheduler', 'SPIDER_MODULES': ['cyzone.spiders'], 'USER_AGENT': 'Mozilla/5.0 (Macintosh; Intel Mac OS X 10_10_5) AppleWebKit/537.36 (KHTML, like Gecko) Chrome/55.0.2883.95 Safari/537.36'}
2019-11-18 13:52:07 [scrapy.extensions.telnet] INFO: Telnet Password: 898044ae9f1f6914
2019-11-18 13:52:07 [scrapy.middleware] INFO: Enabled extensions:
['scrapy.extensions.corestats.CoreStats',
 'scrapy.extensions.telnet.TelnetConsole',
 'scrapy.extensions.logstats.LogStats']
2019-11-18 13:52:07 [run] INFO: Reading start URLs from redis key 'run:start_urls' (batch size: 16, encoding: utf-8
2019-11-18 13:52:07 [scrapy.middleware] INFO: Enabled downloader middlewares:
['scrapy.downloadermiddlewares.httpauth.HttpAuthMiddleware',
 'scrapy.downloadermiddlewares.downloadtimeout.DownloadTimeoutMiddleware',
 'scrapy.downloadermiddlewares.defaultheaders.DefaultHeadersMiddleware',
 'scrapy.downloadermiddlewares.useragent.UserAgentMiddleware',
 'scrapy.downloadermiddlewares.retry.RetryMiddleware',
 'scrapy.downloadermiddlewares.redirect.MetaRefreshMiddleware',
 'scrapy.downloadermiddlewares.httpcompression.HttpCompressionMiddleware',
 'scrapy.downloadermiddlewares.redirect.RedirectMiddleware',
 'scrapy.downloadermiddlewares.httpproxy.HttpProxyMiddleware',
 'scrapy.downloadermiddlewares.stats.DownloaderStats']
2019-11-18 13:52:07 [scrapy.middleware] INFO: Enabled spider middlewares:
['scrapy.spidermiddlewares.httperror.HttpErrorMiddleware',
 'scrapy.spidermiddlewares.offsite.OffsiteMiddleware',
 'scrapy.spidermiddlewares.referer.RefererMiddleware',
 'scrapy.spidermiddlewares.urllength.UrlLengthMiddleware',
 'scrapy.spidermiddlewares.depth.DepthMiddleware']
2019-11-18 13:52:07 [scrapy.middleware] INFO: Enabled item pipelines:
['scrapy_redis.pipelines.RedisPipeline']
2019-11-18 13:52:07 [scrapy.core.engine] INFO: Spider opened
2019-11-18 13:52:07 [scrapy.extensions.logstats] INFO: Crawled 0 pages (at 0 pages/min), scraped 0 items (at 0 items/min)
2019-11-18 13:52:07 [scrapy.extensions.telnet] INFO: Telnet console listening on 127.0.0.1:6023
2019-11-18 13:53:07 [scrapy.extensions.logstats] INFO: Crawled 16 pages (at 16 pages/min), scraped 0 items (at 0 items/min)
2019-11-18 13:54:07 [scrapy.extensions.logstats] INFO: Crawled 16 pages (at 0 pages/min), scraped 0 items (at 0 items/min)
2019-11-18 13:55:07 [scrapy.extensions.logstats] INFO: Crawled 16 pages (at 0 pages/min), scraped 0 items (at 0 items/min)
2019-11-18 13:56:07 [scrapy.extensions.logstats] INFO: Crawled 16 pages (at 0 pages/min), scraped 0 items (at 0 items/min)
2019-11-18 13:57:07 [scrapy.extensions.logstats] INFO: Crawled 16 pages (at 0 pages/min), scraped 0 items (at 0 items/min)
2019-11-18 13:58:07 [scrapy.extensions.logstats] INFO: Crawled 16 pages (at 0 pages/min), scraped 0 items (at 0 items/min)
2019-11-18 13:59:07 [scrapy.extensions.logstats] INFO: Crawled 16 pages (at 0 pages/min), scraped 0 items (at 0 items/min)
2019-11-18 14:00:07 [scrapy.extensions.logstats] INFO: Crawled 16 pages (at 0 pages/min), scraped 0 items (at 0 items/min)
2019-11-18 14:01:07 [scrapy.extensions.logstats] INFO: Crawled 16 pages (at 0 pages/min), scraped 0 items (at 0 items/min)
2019-11-18 14:02:07 [scrapy.extensions.logstats] INFO: Crawled 16 pages (at 0 pages/min), scraped 0 items (at 0 items/min)
2019-11-18 14:03:07 [scrapy.extensions.logstats] INFO: Crawled 16 pages (at 0 pages/min), scraped 0 items (at 0 items/min)
2019-11-18 14:04:07 [scrapy.extensions.logstats] INFO: Crawled 16 pages (at 0 pages/min), scraped 0 items (at 0 items/min)
2019-11-18 14:05:07 [scrapy.extensions.logstats] INFO: Crawled 16 pages (at 0 pages/min), scraped 0 items (at 0 items/min)
2019-11-18 14:06:07 [scrapy.extensions.logstats] INFO: Crawled 16 pages (at 0 pages/min), scraped 0 items (at 0 items/min)
2019-11-18 14:07:07 [scrapy.extensions.logstats] INFO: Crawled 16 pages (at 0 pages/min), scraped 0 items (at 0 items/min)
2019-11-18 14:08:07 [scrapy.extensions.logstats] INFO: Crawled 16 pages (at 0 pages/min), scraped 0 items (at 0 items/min)
2019-11-18 14:09:07 [scrapy.extensions.logstats] INFO: Crawled 16 pages (at 0 pages/min), scraped 0 items (at 0 items/min)
2019-11-18 14:10:07 [scrapy.extensions.logstats] INFO: Crawled 16 pages (at 0 pages/min), scraped 0 items (at 0 items/min)
2019-11-18 14:11:07 [scrapy.extensions.logstats] INFO: Crawled 16 pages (at 0 pages/min), scraped 0 items (at 0 items/min)
2019-11-18 14:12:07 [scrapy.extensions.logstats] INFO: Crawled 16 pages (at 0 pages/min), scraped 0 items (at 0 items/min)
2019-11-18 14:13:07 [scrapy.extensions.logstats] INFO: Crawled 16 pages (at 0 pages/min), scraped 0 items (at 0 items/min)
2019-11-18 14:14:07 [scrapy.extensions.logstats] INFO: Crawled 16 pages (at 0 pages/min), scraped 0 items (at 0 items/min)
2019-11-18 14:15:07 [scrapy.extensions.logstats] INFO: Crawled 16 pages (at 0 pages/min), scraped 0 items (at 0 items/min)
2019-11-18 14:16:07 [scrapy.extensions.logstats] INFO: Crawled 16 pages (at 0 pages/min), scraped 0 items (at 0 items/min)
2019-11-18 14:17:07 [scrapy.extensions.logstats] INFO: Crawled 16 pages (at 0 pages/min), scraped 0 items (at 0 items/min)
2019-11-18 14:18:07 [scrapy.extensions.logstats] INFO: Crawled 16 pages (at 0 pages/min), scraped 0 items (at 0 items/min)
2019-11-18 14:19:07 [scrapy.extensions.logstats] INFO: Crawled 16 pages (at 0 pages/min), scraped 0 items (at 0 items/min)
2019-11-18 14:20:07 [scrapy.extensions.logstats] INFO: Crawled 16 pages (at 0 pages/min), scraped 0 items (at 0 items/min)
2019-11-18 14:21:07 [scrapy.extensions.logstats] INFO: Crawled 16 pages (at 0 pages/min), scraped 0 items (at 0 items/min)
2019-11-18 14:22:07 [scrapy.extensions.logstats] INFO: Crawled 16 pages (at 0 pages/min), scraped 0 items (at 0 items/min)
2019-11-18 14:23:07 [scrapy.extensions.logstats] INFO: Crawled 16 pages (at 0 pages/min), scraped 0 items (at 0 items/min)
2019-11-18 14:24:07 [scrapy.extensions.logstats] INFO: Crawled 16 pages (at 0 pages/min), scraped 0 items (at 0 items/min)
2019-11-18 14:25:07 [scrapy.extensions.logstats] INFO: Crawled 16 pages (at 0 pages/min), scraped 0 items (at 0 items/min)
2019-11-18 14:26:07 [scrapy.extensions.logstats] INFO: Crawled 16 pages (at 0 pages/min), scraped 0 items (at 0 items/min)
2019-11-18 14:27:07 [scrapy.extensions.logstats] INFO: Crawled 16 pages (at 0 pages/min), scraped 0 items (at 0 items/min)
2019-11-18 14:28:07 [scrapy.extensions.logstats] INFO: Crawled 16 pages (at 0 pages/min), scraped 0 items (at 0 items/min)
2019-11-18 14:29:07 [scrapy.extensions.logstats] INFO: Crawled 16 pages (at 0 pages/min), scraped 0 items (at 0 items/min)
2019-11-18 14:30:07 [scrapy.extensions.logstats] INFO: Crawled 16 pages (at 0 pages/min), scraped 0 items (at 0 items/min)
2019-11-18 14:31:07 [scrapy.extensions.logstats] INFO: Crawled 16 pages (at 0 pages/min), scraped 0 items (at 0 items/min)
2019-11-18 14:32:07 [scrapy.extensions.logstats] INFO: Crawled 16 pages (at 0 pages/min), scraped 0 items (at 0 items/min)
2019-11-18 14:33:07 [scrapy.extensions.logstats] INFO: Crawled 16 pages (at 0 pages/min), scraped 0 items (at 0 items/min)
2019-11-18 14:34:07 [scrapy.extensions.logstats] INFO: Crawled 16 pages (at 0 pages/min), scraped 0 items (at 0 items/min)
2019-11-18 14:35:07 [scrapy.extensions.logstats] INFO: Crawled 16 pages (at 0 pages/min), scraped 0 items (at 0 items/min)
2019-11-18 14:36:07 [scrapy.extensions.logstats] INFO: Crawled 16 pages (at 0 pages/min), scraped 0 items (at 0 items/min)
2019-11-18 14:37:07 [scrapy.extensions.logstats] INFO: Crawled 16 pages (at 0 pages/min), scraped 0 items (at 0 items/min)
2019-11-18 14:38:07 [scrapy.extensions.logstats] INFO: Crawled 16 pages (at 0 pages/min), scraped 0 items (at 0 items/min)
2019-11-18 14:39:07 [scrapy.extensions.logstats] INFO: Crawled 16 pages (at 0 pages/min), scraped 0 items (at 0 items/min)
2019-11-18 14:40:07 [scrapy.extensions.logstats] INFO: Crawled 16 pages (at 0 pages/min), scraped 0 items (at 0 items/min)
2019-11-18 14:41:07 [scrapy.extensions.logstats] INFO: Crawled 16 pages (at 0 pages/min), scraped 0 items (at 0 items/min)
2019-11-18 14:42:07 [scrapy.extensions.logstats] INFO: Crawled 16 pages (at 0 pages/min), scraped 0 items (at 0 items/min)
2019-11-18 14:43:07 [scrapy.extensions.logstats] INFO: Crawled 16 pages (at 0 pages/min), scraped 0 items (at 0 items/min)
2019-11-18 14:44:07 [scrapy.extensions.logstats] INFO: Crawled 16 pages (at 0 pages/min), scraped 0 items (at 0 items/min)
2019-11-18 14:45:07 [scrapy.extensions.logstats] INFO: Crawled 16 pages (at 0 pages/min), scraped 0 items (at 0 items/min)
2019-11-18 14:46:07 [scrapy.extensions.logstats] INFO: Crawled 16 pages (at 0 pages/min), scraped 0 items (at 0 items/min)
2019-11-18 14:47:07 [scrapy.extensions.logstats] INFO: Crawled 16 pages (at 0 pages/min), scraped 0 items (at 0 items/min)
2019-11-18 14:48:07 [scrapy.extensions.logstats] INFO: Crawled 16 pages (at 0 pages/min), scraped 0 items (at 0 items/min)
2019-11-18 14:49:07 [scrapy.extensions.logstats] INFO: Crawled 16 pages (at 0 pages/min), scraped 0 items (at 0 items/min)
2019-11-18 14:50:07 [scrapy.extensions.logstats] INFO: Crawled 16 pages (at 0 pages/min), scraped 0 items (at 0 items/min)
2019-11-18 14:51:07 [scrapy.extensions.logstats] INFO: Crawled 16 pages (at 0 pages/min), scraped 0 items (at 0 items/min)
2019-11-18 14:52:07 [scrapy.extensions.logstats] INFO: Crawled 16 pages (at 0 pages/min), scraped 0 items (at 0 items/min)
2019-11-18 14:53:07 [scrapy.extensions.logstats] INFO: Crawled 16 pages (at 0 pages/min), scraped 0 items (at 0 items/min)
2019-11-18 14:54:07 [scrapy.extensions.logstats] INFO: Crawled 16 pages (at 0 pages/min), scraped 0 items (at 0 items/min)
2019-11-18 14:55:07 [scrapy.extensions.logstats] INFO: Crawled 16 pages (at 0 pages/min), scraped 0 items (at 0 items/min)
2019-11-18 14:56:07 [scrapy.extensions.logstats] INFO: Crawled 16 pages (at 0 pages/min), scraped 0 items (at 0 items/min)
2019-11-18 14:57:07 [scrapy.extensions.logstats] INFO: Crawled 16 pages (at 0 pages/min), scraped 0 items (at 0 items/min)
2019-11-18 14:58:07 [scrapy.extensions.logstats] INFO: Crawled 16 pages (at 0 pages/min), scraped 0 items (at 0 items/min)
2019-11-18 14:59:07 [scrapy.extensions.logstats] INFO: Crawled 16 pages (at 0 pages/min), scraped 0 items (at 0 items/min)
2019-11-18 15:00:07 [scrapy.extensions.logstats] INFO: Crawled 16 pages (at 0 pages/min), scraped 0 items (at 0 items/min)
2019-11-18 15:01:07 [scrapy.extensions.logstats] INFO: Crawled 16 pages (at 0 pages/min), scraped 0 items (at 0 items/min)
2019-11-18 15:02:07 [scrapy.extensions.logstats] INFO: Crawled 16 pages (at 0 pages/min), scraped 0 items (at 0 items/min)
2019-11-18 15:03:07 [scrapy.extensions.logstats] INFO: Crawled 16 pages (at 0 pages/min), scraped 0 items (at 0 items/min)
2019-11-18 15:04:07 [scrapy.extensions.logstats] INFO: Crawled 16 pages (at 0 pages/min), scraped 0 items (at 0 items/min)
2019-11-18 15:05:07 [scrapy.extensions.logstats] INFO: Crawled 16 pages (at 0 pages/min), scraped 0 items (at 0 items/min)
2019-11-18 15:06:07 [scrapy.extensions.logstats] INFO: Crawled 16 pages (at 0 pages/min), scraped 0 items (at 0 items/min)
2019-11-18 15:07:07 [scrapy.extensions.logstats] INFO: Crawled 16 pages (at 0 pages/min), scraped 0 items (at 0 items/min)
2019-11-18 15:08:07 [scrapy.extensions.logstats] INFO: Crawled 16 pages (at 0 pages/min), scraped 0 items (at 0 items/min)
2019-11-18 15:09:07 [scrapy.extensions.logstats] INFO: Crawled 16 pages (at 0 pages/min), scraped 0 items (at 0 items/min)
2019-11-18 15:10:07 [scrapy.extensions.logstats] INFO: Crawled 16 pages (at 0 pages/min), scraped 0 items (at 0 items/min)
2019-11-18 15:11:07 [scrapy.extensions.logstats] INFO: Crawled 16 pages (at 0 pages/min), scraped 0 items (at 0 items/min)
2019-11-18 15:12:07 [scrapy.extensions.logstats] INFO: Crawled 16 pages (at 0 pages/min), scraped 0 items (at 0 items/min)
2019-11-18 15:13:07 [scrapy.extensions.logstats] INFO: Crawled 16 pages (at 0 pages/min), scraped 0 items (at 0 items/min)
2019-11-18 15:14:07 [scrapy.extensions.logstats] INFO: Crawled 16 pages (at 0 pages/min), scraped 0 items (at 0 items/min)
2019-11-18 15:15:07 [scrapy.extensions.logstats] INFO: Crawled 16 pages (at 0 pages/min), scraped 0 items (at 0 items/min)
2019-11-18 15:16:07 [scrapy.extensions.logstats] INFO: Crawled 16 pages (at 0 pages/min), scraped 0 items (at 0 items/min)
2019-11-18 15:17:07 [scrapy.extensions.logstats] INFO: Crawled 16 pages (at 0 pages/min), scraped 0 items (at 0 items/min)
2019-11-18 15:18:07 [scrapy.extensions.logstats] INFO: Crawled 16 pages (at 0 pages/min), scraped 0 items (at 0 items/min)
2019-11-18 15:19:07 [scrapy.extensions.logstats] INFO: Crawled 16 pages (at 0 pages/min), scraped 0 items (at 0 items/min)
2019-11-18 15:20:07 [scrapy.extensions.logstats] INFO: Crawled 16 pages (at 0 pages/min), scraped 0 items (at 0 items/min)
2019-11-18 15:21:07 [scrapy.extensions.logstats] INFO: Crawled 16 pages (at 0 pages/min), scraped 0 items (at 0 items/min)
2019-11-18 15:22:07 [scrapy.extensions.logstats] INFO: Crawled 16 pages (at 0 pages/min), scraped 0 items (at 0 items/min)
2019-11-18 15:23:07 [scrapy.extensions.logstats] INFO: Crawled 16 pages (at 0 pages/min), scraped 0 items (at 0 items/min)
2019-11-18 15:24:07 [scrapy.extensions.logstats] INFO: Crawled 16 pages (at 0 pages/min), scraped 0 items (at 0 items/min)
2019-11-18 15:25:07 [scrapy.extensions.logstats] INFO: Crawled 16 pages (at 0 pages/min), scraped 0 items (at 0 items/min)
2019-11-18 15:26:07 [scrapy.extensions.logstats] INFO: Crawled 16 pages (at 0 pages/min), scraped 0 items (at 0 items/min)
2019-11-18 15:27:07 [scrapy.extensions.logstats] INFO: Crawled 16 pages (at 0 pages/min), scraped 0 items (at 0 items/min)
2019-11-18 15:28:07 [scrapy.extensions.logstats] INFO: Crawled 16 pages (at 0 pages/min), scraped 0 items (at 0 items/min)
2019-11-18 15:29:07 [scrapy.extensions.logstats] INFO: Crawled 16 pages (at 0 pages/min), scraped 0 items (at 0 items/min)
2019-11-18 15:30:07 [scrapy.extensions.logstats] INFO: Crawled 16 pages (at 0 pages/min), scraped 0 items (at 0 items/min)
2019-11-18 15:31:07 [scrapy.extensions.logstats] INFO: Crawled 16 pages (at 0 pages/min), scraped 0 items (at 0 items/min)
2019-11-18 15:32:07 [scrapy.extensions.logstats] INFO: Crawled 16 pages (at 0 pages/min), scraped 0 items (at 0 items/min)
2019-11-18 15:33:07 [scrapy.extensions.logstats] INFO: Crawled 16 pages (at 0 pages/min), scraped 0 items (at 0 items/min)
2019-11-18 15:34:07 [scrapy.extensions.logstats] INFO: Crawled 16 pages (at 0 pages/min), scraped 0 items (at 0 items/min)
2019-11-18 15:35:07 [scrapy.extensions.logstats] INFO: Crawled 16 pages (at 0 pages/min), scraped 0 items (at 0 items/min)
2019-11-18 15:36:07 [scrapy.extensions.logstats] INFO: Crawled 16 pages (at 0 pages/min), scraped 0 items (at 0 items/min)
2019-11-18 15:37:07 [scrapy.extensions.logstats] INFO: Crawled 16 pages (at 0 pages/min), scraped 0 items (at 0 items/min)
2019-11-18 15:38:07 [scrapy.extensions.logstats] INFO: Crawled 16 pages (at 0 pages/min), scraped 0 items (at 0 items/min)
2019-11-18 15:39:07 [scrapy.extensions.logstats] INFO: Crawled 16 pages (at 0 pages/min), scraped 0 items (at 0 items/min)
2019-11-18 15:40:07 [scrapy.extensions.logstats] INFO: Crawled 16 pages (at 0 pages/min), scraped 0 items (at 0 items/min)
2019-11-18 15:41:07 [scrapy.extensions.logstats] INFO: Crawled 16 pages (at 0 pages/min), scraped 0 items (at 0 items/min)
2019-11-18 15:42:07 [scrapy.extensions.logstats] INFO: Crawled 16 pages (at 0 pages/min), scraped 0 items (at 0 items/min)
2019-11-18 15:43:07 [scrapy.extensions.logstats] INFO: Crawled 16 pages (at 0 pages/min), scraped 0 items (at 0 items/min)
2019-11-18 15:44:07 [scrapy.extensions.logstats] INFO: Crawled 16 pages (at 0 pages/min), scraped 0 items (at 0 items/min)
2019-11-18 15:45:07 [scrapy.extensions.logstats] INFO: Crawled 16 pages (at 0 pages/min), scraped 0 items (at 0 items/min)
2019-11-18 15:46:07 [scrapy.extensions.logstats] INFO: Crawled 16 pages (at 0 pages/min), scraped 0 items (at 0 items/min)
2019-11-18 15:47:07 [scrapy.extensions.logstats] INFO: Crawled 16 pages (at 0 pages/min), scraped 0 items (at 0 items/min)
2019-11-18 15:48:07 [scrapy.extensions.logstats] INFO: Crawled 16 pages (at 0 pages/min), scraped 0 items (at 0 items/min)
2019-11-18 15:49:07 [scrapy.extensions.logstats] INFO: Crawled 16 pages (at 0 pages/min), scraped 0 items (at 0 items/min)
2019-11-18 15:50:07 [scrapy.extensions.logstats] INFO: Crawled 16 pages (at 0 pages/min), scraped 0 items (at 0 items/min)
2019-11-18 15:51:07 [scrapy.extensions.logstats] INFO: Crawled 16 pages (at 0 pages/min), scraped 0 items (at 0 items/min)
2019-11-18 15:52:07 [scrapy.extensions.logstats] INFO: Crawled 16 pages (at 0 pages/min), scraped 0 items (at 0 items/min)
2019-11-18 15:53:07 [scrapy.extensions.logstats] INFO: Crawled 16 pages (at 0 pages/min), scraped 0 items (at 0 items/min)
2019-11-18 15:54:07 [scrapy.extensions.logstats] INFO: Crawled 16 pages (at 0 pages/min), scraped 0 items (at 0 items/min)
2019-11-18 15:55:07 [scrapy.extensions.logstats] INFO: Crawled 16 pages (at 0 pages/min), scraped 0 items (at 0 items/min)
2019-11-18 15:56:07 [scrapy.extensions.logstats] INFO: Crawled 16 pages (at 0 pages/min), scraped 0 items (at 0 items/min)
2019-11-18 15:57:07 [scrapy.extensions.logstats] INFO: Crawled 16 pages (at 0 pages/min), scraped 0 items (at 0 items/min)
2019-11-18 15:58:07 [scrapy.extensions.logstats] INFO: Crawled 16 pages (at 0 pages/min), scraped 0 items (at 0 items/min)
2019-11-18 15:59:07 [scrapy.extensions.logstats] INFO: Crawled 16 pages (at 0 pages/min), scraped 0 items (at 0 items/min)
2019-11-18 16:00:07 [scrapy.extensions.logstats] INFO: Crawled 16 pages (at 0 pages/min), scraped 0 items (at 0 items/min)
2019-11-18 16:01:07 [scrapy.extensions.logstats] INFO: Crawled 16 pages (at 0 pages/min), scraped 0 items (at 0 items/min)
2019-11-18 16:02:07 [scrapy.extensions.logstats] INFO: Crawled 16 pages (at 0 pages/min), scraped 0 items (at 0 items/min)
2019-11-18 16:03:07 [scrapy.extensions.logstats] INFO: Crawled 16 pages (at 0 pages/min), scraped 0 items (at 0 items/min)
2019-11-18 16:04:07 [scrapy.extensions.logstats] INFO: Crawled 16 pages (at 0 pages/min), scraped 0 items (at 0 items/min)
2019-11-18 16:05:07 [scrapy.extensions.logstats] INFO: Crawled 16 pages (at 0 pages/min), scraped 0 items (at 0 items/min)
2019-11-18 16:06:07 [scrapy.extensions.logstats] INFO: Crawled 16 pages (at 0 pages/min), scraped 0 items (at 0 items/min)
2019-11-18 16:07:07 [scrapy.extensions.logstats] INFO: Crawled 16 pages (at 0 pages/min), scraped 0 items (at 0 items/min)
2019-11-18 16:08:07 [scrapy.extensions.logstats] INFO: Crawled 16 pages (at 0 pages/min), scraped 0 items (at 0 items/min)
2019-11-18 16:09:07 [scrapy.extensions.logstats] INFO: Crawled 16 pages (at 0 pages/min), scraped 0 items (at 0 items/min)
2019-11-18 16:10:07 [scrapy.extensions.logstats] INFO: Crawled 16 pages (at 0 pages/min), scraped 0 items (at 0 items/min)
2019-11-18 16:11:07 [scrapy.extensions.logstats] INFO: Crawled 16 pages (at 0 pages/min), scraped 0 items (at 0 items/min)
2019-11-18 16:12:07 [scrapy.extensions.logstats] INFO: Crawled 16 pages (at 0 pages/min), scraped 0 items (at 0 items/min)
2019-11-18 16:13:07 [scrapy.extensions.logstats] INFO: Crawled 16 pages (at 0 pages/min), scraped 0 items (at 0 items/min)
2019-11-18 16:14:07 [scrapy.extensions.logstats] INFO: Crawled 16 pages (at 0 pages/min), scraped 0 items (at 0 items/min)
2019-11-18 16:15:07 [scrapy.extensions.logstats] INFO: Crawled 16 pages (at 0 pages/min), scraped 0 items (at 0 items/min)
2019-11-18 16:16:07 [scrapy.extensions.logstats] INFO: Crawled 16 pages (at 0 pages/min), scraped 0 items (at 0 items/min)
2019-11-18 16:17:07 [scrapy.extensions.logstats] INFO: Crawled 16 pages (at 0 pages/min), scraped 0 items (at 0 items/min)
2019-11-18 16:18:07 [scrapy.extensions.logstats] INFO: Crawled 16 pages (at 0 pages/min), scraped 0 items (at 0 items/min)
2019-11-18 16:19:07 [scrapy.extensions.logstats] INFO: Crawled 16 pages (at 0 pages/min), scraped 0 items (at 0 items/min)
2019-11-18 16:20:07 [scrapy.extensions.logstats] INFO: Crawled 16 pages (at 0 pages/min), scraped 0 items (at 0 items/min)
2019-11-18 16:21:07 [scrapy.extensions.logstats] INFO: Crawled 16 pages (at 0 pages/min), scraped 0 items (at 0 items/min)
2019-11-18 16:22:07 [scrapy.extensions.logstats] INFO: Crawled 16 pages (at 0 pages/min), scraped 0 items (at 0 items/min)
2019-11-18 16:23:07 [scrapy.extensions.logstats] INFO: Crawled 16 pages (at 0 pages/min), scraped 0 items (at 0 items/min)
2019-11-18 16:24:07 [scrapy.extensions.logstats] INFO: Crawled 16 pages (at 0 pages/min), scraped 0 items (at 0 items/min)
2019-11-18 16:25:07 [scrapy.extensions.logstats] INFO: Crawled 16 pages (at 0 pages/min), scraped 0 items (at 0 items/min)
2019-11-18 16:26:07 [scrapy.extensions.logstats] INFO: Crawled 16 pages (at 0 pages/min), scraped 0 items (at 0 items/min)
2019-11-18 16:27:07 [scrapy.extensions.logstats] INFO: Crawled 16 pages (at 0 pages/min), scraped 0 items (at 0 items/min)
2019-11-18 16:28:07 [scrapy.extensions.logstats] INFO: Crawled 16 pages (at 0 pages/min), scraped 0 items (at 0 items/min)
2019-11-18 16:29:07 [scrapy.extensions.logstats] INFO: Crawled 16 pages (at 0 pages/min), scraped 0 items (at 0 items/min)
2019-11-18 16:30:07 [scrapy.extensions.logstats] INFO: Crawled 16 pages (at 0 pages/min), scraped 0 items (at 0 items/min)
2019-11-18 16:31:07 [scrapy.extensions.logstats] INFO: Crawled 16 pages (at 0 pages/min), scraped 0 items (at 0 items/min)
2019-11-18 16:32:07 [scrapy.extensions.logstats] INFO: Crawled 16 pages (at 0 pages/min), scraped 0 items (at 0 items/min)
2019-11-18 16:33:07 [scrapy.extensions.logstats] INFO: Crawled 16 pages (at 0 pages/min), scraped 0 items (at 0 items/min)
2019-11-18 16:34:07 [scrapy.extensions.logstats] INFO: Crawled 16 pages (at 0 pages/min), scraped 0 items (at 0 items/min)
2019-11-18 16:35:07 [scrapy.extensions.logstats] INFO: Crawled 16 pages (at 0 pages/min), scraped 0 items (at 0 items/min)
2019-11-18 16:36:07 [scrapy.extensions.logstats] INFO: Crawled 16 pages (at 0 pages/min), scraped 0 items (at 0 items/min)
2019-11-18 16:37:07 [scrapy.extensions.logstats] INFO: Crawled 16 pages (at 0 pages/min), scraped 0 items (at 0 items/min)
2019-11-18 16:38:07 [scrapy.extensions.logstats] INFO: Crawled 16 pages (at 0 pages/min), scraped 0 items (at 0 items/min)
2019-11-18 16:39:07 [scrapy.extensions.logstats] INFO: Crawled 16 pages (at 0 pages/min), scraped 0 items (at 0 items/min)
2019-11-18 16:40:07 [scrapy.extensions.logstats] INFO: Crawled 16 pages (at 0 pages/min), scraped 0 items (at 0 items/min)
2019-11-18 16:41:07 [scrapy.extensions.logstats] INFO: Crawled 16 pages (at 0 pages/min), scraped 0 items (at 0 items/min)
2019-11-18 16:42:07 [scrapy.extensions.logstats] INFO: Crawled 16 pages (at 0 pages/min), scraped 0 items (at 0 items/min)
2019-11-18 16:43:07 [scrapy.extensions.logstats] INFO: Crawled 16 pages (at 0 pages/min), scraped 0 items (at 0 items/min)
2019-11-18 16:44:07 [scrapy.extensions.logstats] INFO: Crawled 16 pages (at 0 pages/min), scraped 0 items (at 0 items/min)
2019-11-18 16:45:07 [scrapy.extensions.logstats] INFO: Crawled 16 pages (at 0 pages/min), scraped 0 items (at 0 items/min)
2019-11-18 16:46:07 [scrapy.extensions.logstats] INFO: Crawled 16 pages (at 0 pages/min), scraped 0 items (at 0 items/min)
2019-11-18 16:47:07 [scrapy.extensions.logstats] INFO: Crawled 16 pages (at 0 pages/min), scraped 0 items (at 0 items/min)
2019-11-18 16:48:07 [scrapy.extensions.logstats] INFO: Crawled 16 pages (at 0 pages/min), scraped 0 items (at 0 items/min)
2019-11-18 16:49:07 [scrapy.extensions.logstats] INFO: Crawled 16 pages (at 0 pages/min), scraped 0 items (at 0 items/min)
2019-11-18 16:50:07 [scrapy.extensions.logstats] INFO: Crawled 16 pages (at 0 pages/min), scraped 0 items (at 0 items/min)
2019-11-18 16:51:07 [scrapy.extensions.logstats] INFO: Crawled 16 pages (at 0 pages/min), scraped 0 items (at 0 items/min)
2019-11-18 16:52:07 [scrapy.extensions.logstats] INFO: Crawled 16 pages (at 0 pages/min), scraped 0 items (at 0 items/min)
2019-11-18 16:53:07 [scrapy.extensions.logstats] INFO: Crawled 16 pages (at 0 pages/min), scraped 0 items (at 0 items/min)
2019-11-18 16:54:07 [scrapy.extensions.logstats] INFO: Crawled 16 pages (at 0 pages/min), scraped 0 items (at 0 items/min)
2019-11-18 16:55:07 [scrapy.extensions.logstats] INFO: Crawled 16 pages (at 0 pages/min), scraped 0 items (at 0 items/min)
2019-11-18 16:56:07 [scrapy.extensions.logstats] INFO: Crawled 16 pages (at 0 pages/min), scraped 0 items (at 0 items/min)
2019-11-18 16:57:07 [scrapy.extensions.logstats] INFO: Crawled 16 pages (at 0 pages/min), scraped 0 items (at 0 items/min)
2019-11-18 16:58:07 [scrapy.extensions.logstats] INFO: Crawled 16 pages (at 0 pages/min), scraped 0 items (at 0 items/min)
2019-11-18 16:59:07 [scrapy.extensions.logstats] INFO: Crawled 16 pages (at 0 pages/min), scraped 0 items (at 0 items/min)
2019-11-18 17:00:07 [scrapy.extensions.logstats] INFO: Crawled 16 pages (at 0 pages/min), scraped 0 items (at 0 items/min)
2019-11-18 17:01:07 [scrapy.extensions.logstats] INFO: Crawled 16 pages (at 0 pages/min), scraped 0 items (at 0 items/min)
2019-11-18 17:02:07 [scrapy.extensions.logstats] INFO: Crawled 16 pages (at 0 pages/min), scraped 0 items (at 0 items/min)
2019-11-18 17:03:07 [scrapy.extensions.logstats] INFO: Crawled 16 pages (at 0 pages/min), scraped 0 items (at 0 items/min)
2019-11-18 17:04:07 [scrapy.extensions.logstats] INFO: Crawled 16 pages (at 0 pages/min), scraped 0 items (at 0 items/min)
2019-11-18 17:05:07 [scrapy.extensions.logstats] INFO: Crawled 16 pages (at 0 pages/min), scraped 0 items (at 0 items/min)
2019-11-18 17:06:07 [scrapy.extensions.logstats] INFO: Crawled 16 pages (at 0 pages/min), scraped 0 items (at 0 items/min)
2019-11-18 17:07:07 [scrapy.extensions.logstats] INFO: Crawled 16 pages (at 0 pages/min), scraped 0 items (at 0 items/min)
2019-11-18 17:08:07 [scrapy.extensions.logstats] INFO: Crawled 16 pages (at 0 pages/min), scraped 0 items (at 0 items/min)
2019-11-18 17:09:07 [scrapy.extensions.logstats] INFO: Crawled 16 pages (at 0 pages/min), scraped 0 items (at 0 items/min)
2019-11-18 17:10:07 [scrapy.extensions.logstats] INFO: Crawled 16 pages (at 0 pages/min), scraped 0 items (at 0 items/min)
2019-11-18 17:11:07 [scrapy.extensions.logstats] INFO: Crawled 16 pages (at 0 pages/min), scraped 0 items (at 0 items/min)
2019-11-18 17:12:07 [scrapy.extensions.logstats] INFO: Crawled 16 pages (at 0 pages/min), scraped 0 items (at 0 items/min)
2019-11-18 17:13:07 [scrapy.extensions.logstats] INFO: Crawled 16 pages (at 0 pages/min), scraped 0 items (at 0 items/min)
2019-11-18 17:14:07 [scrapy.extensions.logstats] INFO: Crawled 16 pages (at 0 pages/min), scraped 0 items (at 0 items/min)
2019-11-18 17:15:07 [scrapy.extensions.logstats] INFO: Crawled 16 pages (at 0 pages/min), scraped 0 items (at 0 items/min)
2019-11-18 17:16:07 [scrapy.extensions.logstats] INFO: Crawled 16 pages (at 0 pages/min), scraped 0 items (at 0 items/min)
2019-11-18 17:17:07 [scrapy.extensions.logstats] INFO: Crawled 16 pages (at 0 pages/min), scraped 0 items (at 0 items/min)
2019-11-18 17:18:07 [scrapy.extensions.logstats] INFO: Crawled 16 pages (at 0 pages/min), scraped 0 items (at 0 items/min)
2019-11-18 17:19:07 [scrapy.extensions.logstats] INFO: Crawled 16 pages (at 0 pages/min), scraped 0 items (at 0 items/min)
2019-11-18 17:20:07 [scrapy.extensions.logstats] INFO: Crawled 16 pages (at 0 pages/min), scraped 0 items (at 0 items/min)
2019-11-18 17:21:07 [scrapy.extensions.logstats] INFO: Crawled 16 pages (at 0 pages/min), scraped 0 items (at 0 items/min)
2019-11-18 17:22:07 [scrapy.extensions.logstats] INFO: Crawled 16 pages (at 0 pages/min), scraped 0 items (at 0 items/min)
2019-11-18 17:23:07 [scrapy.extensions.logstats] INFO: Crawled 16 pages (at 0 pages/min), scraped 0 items (at 0 items/min)
2019-11-18 17:24:07 [scrapy.extensions.logstats] INFO: Crawled 16 pages (at 0 pages/min), scraped 0 items (at 0 items/min)
2019-11-18 17:25:07 [scrapy.extensions.logstats] INFO: Crawled 16 pages (at 0 pages/min), scraped 0 items (at 0 items/min)
2019-11-18 17:26:07 [scrapy.extensions.logstats] INFO: Crawled 16 pages (at 0 pages/min), scraped 0 items (at 0 items/min)
2019-11-18 17:27:07 [scrapy.extensions.logstats] INFO: Crawled 16 pages (at 0 pages/min), scraped 0 items (at 0 items/min)
2019-11-18 17:28:07 [scrapy.extensions.logstats] INFO: Crawled 16 pages (at 0 pages/min), scraped 0 items (at 0 items/min)
2019-11-18 17:29:07 [scrapy.extensions.logstats] INFO: Crawled 16 pages (at 0 pages/min), scraped 0 items (at 0 items/min)
2019-11-18 17:30:07 [scrapy.extensions.logstats] INFO: Crawled 16 pages (at 0 pages/min), scraped 0 items (at 0 items/min)
2019-11-18 17:31:07 [scrapy.extensions.logstats] INFO: Crawled 16 pages (at 0 pages/min), scraped 0 items (at 0 items/min)
2019-11-18 17:32:07 [scrapy.extensions.logstats] INFO: Crawled 16 pages (at 0 pages/min), scraped 0 items (at 0 items/min)
2019-11-18 17:33:07 [scrapy.extensions.logstats] INFO: Crawled 16 pages (at 0 pages/min), scraped 0 items (at 0 items/min)
2019-11-18 17:34:07 [scrapy.extensions.logstats] INFO: Crawled 16 pages (at 0 pages/min), scraped 0 items (at 0 items/min)
2019-11-18 17:35:07 [scrapy.extensions.logstats] INFO: Crawled 16 pages (at 0 pages/min), scraped 0 items (at 0 items/min)
2019-11-18 17:36:07 [scrapy.extensions.logstats] INFO: Crawled 16 pages (at 0 pages/min), scraped 0 items (at 0 items/min)
