2019-11-27 08:55:01 [scrapy.utils.log] INFO: Scrapy 1.7.3 started (bot: cyzone)
2019-11-27 08:55:01 [scrapy.utils.log] INFO: Versions: lxml 4.3.4.0, libxml2 2.9.5, cssselect 1.0.3, parsel 1.5.1, w3lib 1.20.0, Twisted 19.7.0, Python 3.6.7 (v3.6.7:6ec5cf24b7, Oct 20 2018, 13:35:33) [MSC v.1900 64 bit (AMD64)], pyOpenSSL 19.0.0 (OpenSSL 1.1.1c  28 May 2019), cryptography 2.7, Platform Windows-10-10.0.18362-SP0
2019-11-27 08:55:01 [scrapy.crawler] INFO: Overridden settings: {'BOT_NAME': 'cyzone', 'COOKIES_ENABLED': False, 'DUPEFILTER_CLASS': 'scrapy_redis.dupefilter.RFPDupeFilter', 'LOG_FILE': 'log/scrapy_2019_11_27.log', 'LOG_LEVEL': 'INFO', 'NEWSPIDER_MODULE': 'cyzone.spiders', 'SCHEDULER': 'scrapy_redis.scheduler.Scheduler', 'SPIDER_MODULES': ['cyzone.spiders'], 'USER_AGENT': 'Mozilla/5.0 (Macintosh; Intel Mac OS X 10_10_5) AppleWebKit/537.36 (KHTML, like Gecko) Chrome/55.0.2883.95 Safari/537.36'}
2019-11-27 08:55:01 [scrapy.extensions.telnet] INFO: Telnet Password: 9ef87b73b6e64467
2019-11-27 08:55:01 [scrapy.middleware] INFO: Enabled extensions:
['scrapy.extensions.corestats.CoreStats',
 'scrapy.extensions.telnet.TelnetConsole',
 'scrapy.extensions.logstats.LogStats']
2019-11-27 08:55:01 [run] INFO: Reading start URLs from redis key 'run:start_urls' (batch size: 16, encoding: utf-8
2019-11-27 08:55:01 [scrapy.middleware] INFO: Enabled downloader middlewares:
['scrapy.downloadermiddlewares.httpauth.HttpAuthMiddleware',
 'scrapy.downloadermiddlewares.downloadtimeout.DownloadTimeoutMiddleware',
 'scrapy.downloadermiddlewares.defaultheaders.DefaultHeadersMiddleware',
 'scrapy.downloadermiddlewares.useragent.UserAgentMiddleware',
 'scrapy.downloadermiddlewares.retry.RetryMiddleware',
 'scrapy.downloadermiddlewares.redirect.MetaRefreshMiddleware',
 'scrapy.downloadermiddlewares.httpcompression.HttpCompressionMiddleware',
 'scrapy.downloadermiddlewares.redirect.RedirectMiddleware',
 'scrapy.downloadermiddlewares.httpproxy.HttpProxyMiddleware',
 'scrapy.downloadermiddlewares.stats.DownloaderStats']
2019-11-27 08:55:01 [scrapy.middleware] INFO: Enabled spider middlewares:
['scrapy.spidermiddlewares.httperror.HttpErrorMiddleware',
 'scrapy.spidermiddlewares.offsite.OffsiteMiddleware',
 'scrapy.spidermiddlewares.referer.RefererMiddleware',
 'scrapy.spidermiddlewares.urllength.UrlLengthMiddleware',
 'scrapy.spidermiddlewares.depth.DepthMiddleware']
2019-11-27 08:55:01 [scrapy.middleware] INFO: Enabled item pipelines:
['cyzone.pipelines.CyzonePipeline', 'scrapy_redis.pipelines.RedisPipeline']
2019-11-27 08:55:01 [scrapy.core.engine] INFO: Spider opened
2019-11-27 08:55:01 [scrapy.extensions.logstats] INFO: Crawled 0 pages (at 0 pages/min), scraped 0 items (at 0 items/min)
2019-11-27 08:55:01 [scrapy.extensions.telnet] INFO: Telnet console listening on 127.0.0.1:6023
2019-11-27 08:56:01 [scrapy.extensions.logstats] INFO: Crawled 177 pages (at 177 pages/min), scraped 0 items (at 0 items/min)
2019-11-27 09:06:07 [scrapy.utils.log] INFO: Scrapy 1.7.3 started (bot: cyzone)
2019-11-27 09:06:07 [scrapy.utils.log] INFO: Versions: lxml 4.3.4.0, libxml2 2.9.5, cssselect 1.0.3, parsel 1.5.1, w3lib 1.20.0, Twisted 19.7.0, Python 3.6.7 (v3.6.7:6ec5cf24b7, Oct 20 2018, 13:35:33) [MSC v.1900 64 bit (AMD64)], pyOpenSSL 19.0.0 (OpenSSL 1.1.1c  28 May 2019), cryptography 2.7, Platform Windows-10-10.0.18362-SP0
2019-11-27 09:06:07 [scrapy.crawler] INFO: Overridden settings: {'BOT_NAME': 'cyzone', 'COOKIES_ENABLED': False, 'DUPEFILTER_CLASS': 'scrapy_redis.dupefilter.RFPDupeFilter', 'LOG_FILE': 'log/scrapy_2019_11_27.log', 'LOG_LEVEL': 'INFO', 'NEWSPIDER_MODULE': 'cyzone.spiders', 'SCHEDULER': 'scrapy_redis.scheduler.Scheduler', 'SPIDER_MODULES': ['cyzone.spiders'], 'USER_AGENT': 'Mozilla/5.0 (Macintosh; Intel Mac OS X 10_10_5) AppleWebKit/537.36 (KHTML, like Gecko) Chrome/55.0.2883.95 Safari/537.36'}
2019-11-27 09:06:07 [scrapy.extensions.telnet] INFO: Telnet Password: c4154cec57fc70d4
2019-11-27 09:06:07 [scrapy.middleware] INFO: Enabled extensions:
['scrapy.extensions.corestats.CoreStats',
 'scrapy.extensions.telnet.TelnetConsole',
 'scrapy.extensions.logstats.LogStats']
2019-11-27 09:06:07 [run] INFO: Reading start URLs from redis key 'run:start_urls' (batch size: 16, encoding: utf-8
2019-11-27 09:06:07 [scrapy.middleware] INFO: Enabled downloader middlewares:
['scrapy.downloadermiddlewares.httpauth.HttpAuthMiddleware',
 'scrapy.downloadermiddlewares.downloadtimeout.DownloadTimeoutMiddleware',
 'scrapy.downloadermiddlewares.defaultheaders.DefaultHeadersMiddleware',
 'scrapy.downloadermiddlewares.useragent.UserAgentMiddleware',
 'scrapy.downloadermiddlewares.retry.RetryMiddleware',
 'scrapy.downloadermiddlewares.redirect.MetaRefreshMiddleware',
 'scrapy.downloadermiddlewares.httpcompression.HttpCompressionMiddleware',
 'scrapy.downloadermiddlewares.redirect.RedirectMiddleware',
 'scrapy.downloadermiddlewares.httpproxy.HttpProxyMiddleware',
 'scrapy.downloadermiddlewares.stats.DownloaderStats']
2019-11-27 09:06:07 [scrapy.middleware] INFO: Enabled spider middlewares:
['scrapy.spidermiddlewares.httperror.HttpErrorMiddleware',
 'scrapy.spidermiddlewares.offsite.OffsiteMiddleware',
 'scrapy.spidermiddlewares.referer.RefererMiddleware',
 'scrapy.spidermiddlewares.urllength.UrlLengthMiddleware',
 'scrapy.spidermiddlewares.depth.DepthMiddleware']
2019-11-27 09:06:07 [scrapy.middleware] INFO: Enabled item pipelines:
['cyzone.pipelines.CyzonePipeline', 'scrapy_redis.pipelines.RedisPipeline']
2019-11-27 09:06:07 [scrapy.core.engine] INFO: Spider opened
2019-11-27 09:06:07 [scrapy.extensions.logstats] INFO: Crawled 0 pages (at 0 pages/min), scraped 0 items (at 0 items/min)
2019-11-27 09:06:07 [scrapy.extensions.telnet] INFO: Telnet console listening on 127.0.0.1:6023
2019-11-27 09:07:15 [scrapy.utils.log] INFO: Scrapy 1.7.3 started (bot: cyzone)
2019-11-27 09:07:15 [scrapy.utils.log] INFO: Versions: lxml 4.3.4.0, libxml2 2.9.5, cssselect 1.0.3, parsel 1.5.1, w3lib 1.20.0, Twisted 19.7.0, Python 3.6.7 (v3.6.7:6ec5cf24b7, Oct 20 2018, 13:35:33) [MSC v.1900 64 bit (AMD64)], pyOpenSSL 19.0.0 (OpenSSL 1.1.1c  28 May 2019), cryptography 2.7, Platform Windows-10-10.0.18362-SP0
2019-11-27 09:07:15 [scrapy.crawler] INFO: Overridden settings: {'BOT_NAME': 'cyzone', 'COOKIES_ENABLED': False, 'DUPEFILTER_CLASS': 'scrapy_redis.dupefilter.RFPDupeFilter', 'LOG_FILE': 'log/scrapy_2019_11_27.log', 'LOG_LEVEL': 'INFO', 'NEWSPIDER_MODULE': 'cyzone.spiders', 'SCHEDULER': 'scrapy_redis.scheduler.Scheduler', 'SPIDER_MODULES': ['cyzone.spiders'], 'USER_AGENT': 'Mozilla/5.0 (Macintosh; Intel Mac OS X 10_10_5) AppleWebKit/537.36 (KHTML, like Gecko) Chrome/55.0.2883.95 Safari/537.36'}
2019-11-27 09:07:15 [scrapy.extensions.telnet] INFO: Telnet Password: d1db35ea340ee5d4
2019-11-27 09:07:15 [scrapy.middleware] INFO: Enabled extensions:
['scrapy.extensions.corestats.CoreStats',
 'scrapy.extensions.telnet.TelnetConsole',
 'scrapy.extensions.logstats.LogStats']
2019-11-27 09:07:15 [run] INFO: Reading start URLs from redis key 'run:start_urls' (batch size: 16, encoding: utf-8
2019-11-27 09:07:15 [scrapy.middleware] INFO: Enabled downloader middlewares:
['scrapy.downloadermiddlewares.httpauth.HttpAuthMiddleware',
 'scrapy.downloadermiddlewares.downloadtimeout.DownloadTimeoutMiddleware',
 'scrapy.downloadermiddlewares.defaultheaders.DefaultHeadersMiddleware',
 'scrapy.downloadermiddlewares.useragent.UserAgentMiddleware',
 'scrapy.downloadermiddlewares.retry.RetryMiddleware',
 'scrapy.downloadermiddlewares.redirect.MetaRefreshMiddleware',
 'scrapy.downloadermiddlewares.httpcompression.HttpCompressionMiddleware',
 'scrapy.downloadermiddlewares.redirect.RedirectMiddleware',
 'scrapy.downloadermiddlewares.httpproxy.HttpProxyMiddleware',
 'scrapy.downloadermiddlewares.stats.DownloaderStats']
2019-11-27 09:07:15 [scrapy.middleware] INFO: Enabled spider middlewares:
['scrapy.spidermiddlewares.httperror.HttpErrorMiddleware',
 'scrapy.spidermiddlewares.offsite.OffsiteMiddleware',
 'scrapy.spidermiddlewares.referer.RefererMiddleware',
 'scrapy.spidermiddlewares.urllength.UrlLengthMiddleware',
 'scrapy.spidermiddlewares.depth.DepthMiddleware']
2019-11-27 09:07:15 [scrapy.middleware] INFO: Enabled item pipelines:
['cyzone.pipelines.CyzonePipeline', 'scrapy_redis.pipelines.RedisPipeline']
2019-11-27 09:07:15 [scrapy.core.engine] INFO: Spider opened
2019-11-27 09:07:15 [scrapy.extensions.logstats] INFO: Crawled 0 pages (at 0 pages/min), scraped 0 items (at 0 items/min)
2019-11-27 09:07:15 [scrapy.extensions.telnet] INFO: Telnet console listening on 127.0.0.1:6023
2019-11-27 09:08:15 [scrapy.extensions.logstats] INFO: Crawled 16 pages (at 16 pages/min), scraped 0 items (at 0 items/min)
2019-11-27 09:27:28 [scrapy.utils.log] INFO: Scrapy 1.7.3 started (bot: cyzone)
2019-11-27 09:27:28 [scrapy.utils.log] INFO: Versions: lxml 4.3.4.0, libxml2 2.9.5, cssselect 1.0.3, parsel 1.5.1, w3lib 1.20.0, Twisted 19.7.0, Python 3.6.7 (v3.6.7:6ec5cf24b7, Oct 20 2018, 13:35:33) [MSC v.1900 64 bit (AMD64)], pyOpenSSL 19.0.0 (OpenSSL 1.1.1c  28 May 2019), cryptography 2.7, Platform Windows-10-10.0.18362-SP0
2019-11-27 09:27:28 [scrapy.crawler] INFO: Overridden settings: {'BOT_NAME': 'cyzone', 'COOKIES_ENABLED': False, 'DUPEFILTER_CLASS': 'scrapy_redis.dupefilter.RFPDupeFilter', 'LOG_FILE': 'log/scrapy_2019_11_27.log', 'LOG_LEVEL': 'INFO', 'NEWSPIDER_MODULE': 'cyzone.spiders', 'SCHEDULER': 'scrapy_redis.scheduler.Scheduler', 'SPIDER_MODULES': ['cyzone.spiders'], 'USER_AGENT': 'Mozilla/5.0 (Macintosh; Intel Mac OS X 10_10_5) AppleWebKit/537.36 (KHTML, like Gecko) Chrome/55.0.2883.95 Safari/537.36'}
2019-11-27 09:27:28 [scrapy.extensions.telnet] INFO: Telnet Password: be0315b81cc48581
2019-11-27 09:27:28 [scrapy.middleware] INFO: Enabled extensions:
['scrapy.extensions.corestats.CoreStats',
 'scrapy.extensions.telnet.TelnetConsole',
 'scrapy.extensions.logstats.LogStats']
2019-11-27 09:27:28 [run] INFO: Reading start URLs from redis key 'run:start_urls' (batch size: 16, encoding: utf-8
2019-11-27 09:27:28 [scrapy.middleware] INFO: Enabled downloader middlewares:
['scrapy.downloadermiddlewares.httpauth.HttpAuthMiddleware',
 'scrapy.downloadermiddlewares.downloadtimeout.DownloadTimeoutMiddleware',
 'scrapy.downloadermiddlewares.defaultheaders.DefaultHeadersMiddleware',
 'scrapy.downloadermiddlewares.useragent.UserAgentMiddleware',
 'scrapy.downloadermiddlewares.retry.RetryMiddleware',
 'scrapy.downloadermiddlewares.redirect.MetaRefreshMiddleware',
 'scrapy.downloadermiddlewares.httpcompression.HttpCompressionMiddleware',
 'scrapy.downloadermiddlewares.redirect.RedirectMiddleware',
 'scrapy.downloadermiddlewares.httpproxy.HttpProxyMiddleware',
 'scrapy.downloadermiddlewares.stats.DownloaderStats']
2019-11-27 09:27:28 [scrapy.middleware] INFO: Enabled spider middlewares:
['scrapy.spidermiddlewares.httperror.HttpErrorMiddleware',
 'scrapy.spidermiddlewares.offsite.OffsiteMiddleware',
 'scrapy.spidermiddlewares.referer.RefererMiddleware',
 'scrapy.spidermiddlewares.urllength.UrlLengthMiddleware',
 'scrapy.spidermiddlewares.depth.DepthMiddleware']
2019-11-27 09:27:28 [scrapy.middleware] INFO: Enabled item pipelines:
['scrapy_redis.pipelines.RedisPipeline']
2019-11-27 09:27:28 [scrapy.core.engine] INFO: Spider opened
2019-11-27 09:27:28 [scrapy.extensions.logstats] INFO: Crawled 0 pages (at 0 pages/min), scraped 0 items (at 0 items/min)
2019-11-27 09:27:28 [scrapy.extensions.telnet] INFO: Telnet console listening on 127.0.0.1:6023
2019-11-27 09:28:28 [scrapy.extensions.logstats] INFO: Crawled 16 pages (at 16 pages/min), scraped 0 items (at 0 items/min)
2019-11-27 09:29:28 [scrapy.extensions.logstats] INFO: Crawled 16 pages (at 0 pages/min), scraped 0 items (at 0 items/min)
2019-11-27 09:30:28 [scrapy.extensions.logstats] INFO: Crawled 16 pages (at 0 pages/min), scraped 0 items (at 0 items/min)
2019-11-27 09:31:28 [scrapy.extensions.logstats] INFO: Crawled 16 pages (at 0 pages/min), scraped 0 items (at 0 items/min)
2019-11-27 09:32:28 [scrapy.extensions.logstats] INFO: Crawled 16 pages (at 0 pages/min), scraped 0 items (at 0 items/min)
2019-11-27 09:33:28 [scrapy.extensions.logstats] INFO: Crawled 16 pages (at 0 pages/min), scraped 0 items (at 0 items/min)
2019-11-27 09:34:28 [scrapy.extensions.logstats] INFO: Crawled 16 pages (at 0 pages/min), scraped 0 items (at 0 items/min)
2019-11-27 09:35:28 [scrapy.extensions.logstats] INFO: Crawled 16 pages (at 0 pages/min), scraped 0 items (at 0 items/min)
2019-11-27 09:36:28 [scrapy.extensions.logstats] INFO: Crawled 16 pages (at 0 pages/min), scraped 0 items (at 0 items/min)
2019-11-27 09:37:28 [scrapy.extensions.logstats] INFO: Crawled 16 pages (at 0 pages/min), scraped 0 items (at 0 items/min)
2019-11-27 09:38:28 [scrapy.extensions.logstats] INFO: Crawled 16 pages (at 0 pages/min), scraped 0 items (at 0 items/min)
2019-11-27 09:39:28 [scrapy.extensions.logstats] INFO: Crawled 16 pages (at 0 pages/min), scraped 0 items (at 0 items/min)
2019-11-27 09:40:28 [scrapy.extensions.logstats] INFO: Crawled 16 pages (at 0 pages/min), scraped 0 items (at 0 items/min)
2019-11-27 09:41:28 [scrapy.extensions.logstats] INFO: Crawled 16 pages (at 0 pages/min), scraped 0 items (at 0 items/min)
2019-11-27 09:42:28 [scrapy.extensions.logstats] INFO: Crawled 16 pages (at 0 pages/min), scraped 0 items (at 0 items/min)
2019-11-27 09:43:28 [scrapy.extensions.logstats] INFO: Crawled 16 pages (at 0 pages/min), scraped 0 items (at 0 items/min)
2019-11-27 09:44:28 [scrapy.extensions.logstats] INFO: Crawled 16 pages (at 0 pages/min), scraped 0 items (at 0 items/min)
2019-11-27 09:45:28 [scrapy.extensions.logstats] INFO: Crawled 16 pages (at 0 pages/min), scraped 0 items (at 0 items/min)
2019-11-27 09:46:08 [scrapy.utils.log] INFO: Scrapy 1.7.3 started (bot: cyzone)
2019-11-27 09:46:08 [scrapy.utils.log] INFO: Versions: lxml 4.3.4.0, libxml2 2.9.5, cssselect 1.0.3, parsel 1.5.1, w3lib 1.20.0, Twisted 19.7.0, Python 3.6.7 (v3.6.7:6ec5cf24b7, Oct 20 2018, 13:35:33) [MSC v.1900 64 bit (AMD64)], pyOpenSSL 19.0.0 (OpenSSL 1.1.1c  28 May 2019), cryptography 2.7, Platform Windows-10-10.0.18362-SP0
2019-11-27 09:46:08 [scrapy.crawler] INFO: Overridden settings: {'BOT_NAME': 'cyzone', 'COOKIES_ENABLED': False, 'DUPEFILTER_CLASS': 'scrapy_redis.dupefilter.RFPDupeFilter', 'LOG_FILE': 'log/scrapy_2019_11_27.log', 'LOG_LEVEL': 'INFO', 'NEWSPIDER_MODULE': 'cyzone.spiders', 'SCHEDULER': 'scrapy_redis.scheduler.Scheduler', 'SPIDER_MODULES': ['cyzone.spiders'], 'USER_AGENT': 'Mozilla/5.0 (Macintosh; Intel Mac OS X 10_10_5) AppleWebKit/537.36 (KHTML, like Gecko) Chrome/55.0.2883.95 Safari/537.36'}
2019-11-27 09:46:08 [scrapy.extensions.telnet] INFO: Telnet Password: 7ceaad68fdb4f8d0
2019-11-27 09:46:08 [scrapy.middleware] INFO: Enabled extensions:
['scrapy.extensions.corestats.CoreStats',
 'scrapy.extensions.telnet.TelnetConsole',
 'scrapy.extensions.logstats.LogStats']
2019-11-27 09:46:08 [run] INFO: Reading start URLs from redis key 'run:start_urls' (batch size: 16, encoding: utf-8
2019-11-27 09:46:08 [scrapy.middleware] INFO: Enabled downloader middlewares:
['scrapy.downloadermiddlewares.httpauth.HttpAuthMiddleware',
 'scrapy.downloadermiddlewares.downloadtimeout.DownloadTimeoutMiddleware',
 'scrapy.downloadermiddlewares.defaultheaders.DefaultHeadersMiddleware',
 'scrapy.downloadermiddlewares.useragent.UserAgentMiddleware',
 'scrapy.downloadermiddlewares.retry.RetryMiddleware',
 'scrapy.downloadermiddlewares.redirect.MetaRefreshMiddleware',
 'scrapy.downloadermiddlewares.httpcompression.HttpCompressionMiddleware',
 'scrapy.downloadermiddlewares.redirect.RedirectMiddleware',
 'scrapy.downloadermiddlewares.httpproxy.HttpProxyMiddleware',
 'scrapy.downloadermiddlewares.stats.DownloaderStats']
2019-11-27 09:46:08 [scrapy.middleware] INFO: Enabled spider middlewares:
['scrapy.spidermiddlewares.httperror.HttpErrorMiddleware',
 'scrapy.spidermiddlewares.offsite.OffsiteMiddleware',
 'scrapy.spidermiddlewares.referer.RefererMiddleware',
 'scrapy.spidermiddlewares.urllength.UrlLengthMiddleware',
 'scrapy.spidermiddlewares.depth.DepthMiddleware']
2019-11-27 09:46:08 [scrapy.middleware] INFO: Enabled item pipelines:
['scrapy_redis.pipelines.RedisPipeline']
2019-11-27 09:46:08 [scrapy.core.engine] INFO: Spider opened
2019-11-27 09:46:08 [scrapy.extensions.logstats] INFO: Crawled 0 pages (at 0 pages/min), scraped 0 items (at 0 items/min)
2019-11-27 09:46:08 [scrapy.extensions.telnet] INFO: Telnet console listening on 127.0.0.1:6023
2019-11-27 09:47:08 [scrapy.extensions.logstats] INFO: Crawled 16 pages (at 16 pages/min), scraped 0 items (at 0 items/min)
2019-11-27 09:48:08 [scrapy.extensions.logstats] INFO: Crawled 16 pages (at 0 pages/min), scraped 0 items (at 0 items/min)
2019-11-27 09:49:08 [scrapy.extensions.logstats] INFO: Crawled 32 pages (at 16 pages/min), scraped 0 items (at 0 items/min)
2019-11-27 09:50:08 [scrapy.extensions.logstats] INFO: Crawled 32 pages (at 0 pages/min), scraped 0 items (at 0 items/min)
2019-11-27 09:51:08 [scrapy.extensions.logstats] INFO: Crawled 32 pages (at 0 pages/min), scraped 0 items (at 0 items/min)
2019-11-27 09:52:08 [scrapy.extensions.logstats] INFO: Crawled 32 pages (at 0 pages/min), scraped 0 items (at 0 items/min)
2019-11-27 09:53:08 [scrapy.extensions.logstats] INFO: Crawled 32 pages (at 0 pages/min), scraped 0 items (at 0 items/min)
2019-11-27 09:54:08 [scrapy.extensions.logstats] INFO: Crawled 32 pages (at 0 pages/min), scraped 0 items (at 0 items/min)
2019-11-27 09:55:08 [scrapy.extensions.logstats] INFO: Crawled 32 pages (at 0 pages/min), scraped 0 items (at 0 items/min)
2019-11-27 09:56:08 [scrapy.extensions.logstats] INFO: Crawled 32 pages (at 0 pages/min), scraped 0 items (at 0 items/min)
2019-11-27 09:57:08 [scrapy.extensions.logstats] INFO: Crawled 32 pages (at 0 pages/min), scraped 0 items (at 0 items/min)
2019-11-27 09:58:08 [scrapy.extensions.logstats] INFO: Crawled 32 pages (at 0 pages/min), scraped 0 items (at 0 items/min)
2019-11-27 09:59:08 [scrapy.extensions.logstats] INFO: Crawled 32 pages (at 0 pages/min), scraped 0 items (at 0 items/min)
2019-11-27 10:00:08 [scrapy.extensions.logstats] INFO: Crawled 32 pages (at 0 pages/min), scraped 0 items (at 0 items/min)
2019-11-27 10:01:08 [scrapy.extensions.logstats] INFO: Crawled 32 pages (at 0 pages/min), scraped 0 items (at 0 items/min)
2019-11-27 10:02:08 [scrapy.extensions.logstats] INFO: Crawled 32 pages (at 0 pages/min), scraped 0 items (at 0 items/min)
2019-11-27 10:03:08 [scrapy.extensions.logstats] INFO: Crawled 32 pages (at 0 pages/min), scraped 0 items (at 0 items/min)
2019-11-27 10:04:08 [scrapy.extensions.logstats] INFO: Crawled 32 pages (at 0 pages/min), scraped 0 items (at 0 items/min)
2019-11-27 10:05:08 [scrapy.extensions.logstats] INFO: Crawled 32 pages (at 0 pages/min), scraped 0 items (at 0 items/min)
2019-11-27 10:06:08 [scrapy.extensions.logstats] INFO: Crawled 32 pages (at 0 pages/min), scraped 0 items (at 0 items/min)
2019-11-27 10:07:08 [scrapy.extensions.logstats] INFO: Crawled 32 pages (at 0 pages/min), scraped 0 items (at 0 items/min)
2019-11-27 10:08:08 [scrapy.extensions.logstats] INFO: Crawled 32 pages (at 0 pages/min), scraped 0 items (at 0 items/min)
2019-11-27 10:09:08 [scrapy.extensions.logstats] INFO: Crawled 32 pages (at 0 pages/min), scraped 0 items (at 0 items/min)
2019-11-27 10:10:08 [scrapy.extensions.logstats] INFO: Crawled 32 pages (at 0 pages/min), scraped 0 items (at 0 items/min)
2019-11-27 10:11:08 [scrapy.extensions.logstats] INFO: Crawled 32 pages (at 0 pages/min), scraped 0 items (at 0 items/min)
2019-11-27 10:12:08 [scrapy.extensions.logstats] INFO: Crawled 32 pages (at 0 pages/min), scraped 0 items (at 0 items/min)
2019-11-27 10:13:08 [scrapy.extensions.logstats] INFO: Crawled 32 pages (at 0 pages/min), scraped 0 items (at 0 items/min)
2019-11-27 10:14:08 [scrapy.extensions.logstats] INFO: Crawled 32 pages (at 0 pages/min), scraped 0 items (at 0 items/min)
2019-11-27 10:15:08 [scrapy.extensions.logstats] INFO: Crawled 32 pages (at 0 pages/min), scraped 0 items (at 0 items/min)
2019-11-27 10:16:08 [scrapy.extensions.logstats] INFO: Crawled 32 pages (at 0 pages/min), scraped 0 items (at 0 items/min)
2019-11-27 10:17:08 [scrapy.extensions.logstats] INFO: Crawled 32 pages (at 0 pages/min), scraped 0 items (at 0 items/min)
2019-11-27 10:18:08 [scrapy.extensions.logstats] INFO: Crawled 32 pages (at 0 pages/min), scraped 0 items (at 0 items/min)
2019-11-27 10:19:08 [scrapy.extensions.logstats] INFO: Crawled 32 pages (at 0 pages/min), scraped 0 items (at 0 items/min)
2019-11-27 10:20:08 [scrapy.extensions.logstats] INFO: Crawled 32 pages (at 0 pages/min), scraped 0 items (at 0 items/min)
2019-11-27 10:21:08 [scrapy.extensions.logstats] INFO: Crawled 32 pages (at 0 pages/min), scraped 0 items (at 0 items/min)
2019-11-27 10:21:38 [scrapy.utils.signal] ERROR: Error caught on signal handler: <bound method RedisMixin.spider_idle of <RunSpider 'run' at 0x23806710358>>
Traceback (most recent call last):
  File "D:\work\myjob\lib\site-packages\scrapy\utils\signal.py", line 30, in send_catch_log
    *arguments, **named)
  File "C:\Users\92375\AppData\Local\Programs\Python\Python36\lib\site-packages\pydispatch\robustapply.py", line 55, in robustApply
    return receiver(*arguments, **named)
  File "C:\Users\92375\AppData\Local\Programs\Python\Python36\lib\site-packages\scrapy_redis\spiders.py", line 121, in spider_idle
    self.schedule_next_requests()
  File "C:\Users\92375\AppData\Local\Programs\Python\Python36\lib\site-packages\scrapy_redis\spiders.py", line 115, in schedule_next_requests
    for req in self.next_requests():
  File "C:\Users\92375\AppData\Local\Programs\Python\Python36\lib\site-packages\scrapy_redis\spiders.py", line 87, in next_requests
    req = self.make_request_from_data(data)
  File "C:\Users\92375\AppData\Local\Programs\Python\Python36\lib\site-packages\scrapy_redis\spiders.py", line 110, in make_request_from_data
    return self.make_requests_from_url(url)
  File "D:\work\myjob\lib\site-packages\scrapy\spiders\__init__.py", line 77, in make_requests_from_url
    return Request(url, dont_filter=True)
  File "D:\work\myjob\lib\site-packages\scrapy\http\request\__init__.py", line 25, in __init__
    self._set_url(url)
  File "D:\work\myjob\lib\site-packages\scrapy\http\request\__init__.py", line 69, in _set_url
    raise ValueError('Missing scheme in request url: %s' % self._url)
ValueError: Missing scheme in request url: 2
2019-11-27 10:21:38 [scrapy.core.engine] INFO: Closing spider (finished)
2019-11-27 10:21:38 [scrapy.statscollectors] INFO: Dumping Scrapy stats:
{'downloader/request_bytes': 11894,
 'downloader/request_count': 32,
 'downloader/request_method_count/GET': 32,
 'downloader/response_bytes': 409349,
 'downloader/response_count': 32,
 'downloader/response_status_count/200': 32,
 'elapsed_time_seconds': 2130.037341,
 'finish_reason': 'finished',
 'finish_time': datetime.datetime(2019, 11, 27, 2, 21, 38, 772483),
 'log_count/ERROR': 1,
 'log_count/INFO': 46,
 'request_depth_max': 1,
 'response_received_count': 32,
 'scheduler/dequeued/redis': 32,
 'scheduler/enqueued/redis': 32,
 'start_time': datetime.datetime(2019, 11, 27, 1, 46, 8, 735142)}
2019-11-27 10:21:38 [scrapy.core.engine] INFO: Spider closed (finished)
