2019-11-04 09:28:38 [scrapy.utils.log] INFO: Scrapy 1.5.0 started (bot: cyzone)
2019-11-04 09:28:38 [scrapy.utils.log] INFO: Versions: lxml 4.3.4.0, libxml2 2.9.5, cssselect 1.0.3, parsel 1.5.1, w3lib 1.20.0, Twisted 19.7.0, Python 3.6.7 (v3.6.7:6ec5cf24b7, Oct 20 2018, 13:35:33) [MSC v.1900 64 bit (AMD64)], pyOpenSSL 19.0.0 (OpenSSL 1.1.1c  28 May 2019), cryptography 2.7, Platform Windows-10-10.0.18362-SP0
2019-11-04 09:28:38 [scrapy.crawler] INFO: Overridden settings: {'BOT_NAME': 'cyzone', 'COOKIES_ENABLED': False, 'LOG_FILE': 'log/scrapy_2019_11_4.log', 'LOG_LEVEL': 'INFO', 'NEWSPIDER_MODULE': 'cyzone.spiders', 'SPIDER_MODULES': ['cyzone.spiders'], 'USER_AGENT': 'Mozilla/5.0 (Macintosh; Intel Mac OS X 10_10_5) AppleWebKit/537.36 (KHTML, like Gecko) Chrome/55.0.2883.95 Safari/537.36'}
2019-11-04 09:28:38 [scrapy.middleware] INFO: Enabled extensions:
['scrapy.extensions.corestats.CoreStats',
 'scrapy.extensions.telnet.TelnetConsole',
 'scrapy.extensions.logstats.LogStats']
2019-11-04 09:28:38 [scrapy.middleware] INFO: Enabled downloader middlewares:
['scrapy.downloadermiddlewares.httpauth.HttpAuthMiddleware',
 'scrapy.downloadermiddlewares.downloadtimeout.DownloadTimeoutMiddleware',
 'scrapy.downloadermiddlewares.defaultheaders.DefaultHeadersMiddleware',
 'scrapy.downloadermiddlewares.useragent.UserAgentMiddleware',
 'scrapy.downloadermiddlewares.retry.RetryMiddleware',
 'scrapy.downloadermiddlewares.redirect.MetaRefreshMiddleware',
 'scrapy.downloadermiddlewares.httpcompression.HttpCompressionMiddleware',
 'scrapy.downloadermiddlewares.redirect.RedirectMiddleware',
 'scrapy.downloadermiddlewares.httpproxy.HttpProxyMiddleware',
 'scrapy.downloadermiddlewares.stats.DownloaderStats']
2019-11-04 09:28:38 [scrapy.middleware] INFO: Enabled spider middlewares:
['scrapy.spidermiddlewares.httperror.HttpErrorMiddleware',
 'scrapy.spidermiddlewares.offsite.OffsiteMiddleware',
 'scrapy.spidermiddlewares.referer.RefererMiddleware',
 'scrapy.spidermiddlewares.urllength.UrlLengthMiddleware',
 'scrapy.spidermiddlewares.depth.DepthMiddleware']
2019-11-04 09:28:38 [scrapy.middleware] INFO: Enabled item pipelines:
['cyzone.pipelines.CyzonePipeline']
2019-11-04 09:28:38 [scrapy.core.engine] INFO: Spider opened
2019-11-04 09:28:38 [scrapy.extensions.logstats] INFO: Crawled 0 pages (at 0 pages/min), scraped 0 items (at 0 items/min)
2019-11-04 09:28:41 [scrapy.core.engine] INFO: Closing spider (finished)
2019-11-04 09:28:41 [scrapy.statscollectors] INFO: Dumping Scrapy stats:
{'downloader/request_bytes': 5947,
 'downloader/request_count': 16,
 'downloader/request_method_count/GET': 16,
 'downloader/response_bytes': 205937,
 'downloader/response_count': 16,
 'downloader/response_status_count/200': 16,
 'finish_reason': 'finished',
 'finish_time': datetime.datetime(2019, 11, 4, 1, 28, 41, 877563),
 'log_count/INFO': 7,
 'request_depth_max': 1,
 'response_received_count': 16,
 'scheduler/dequeued': 16,
 'scheduler/dequeued/memory': 16,
 'scheduler/enqueued': 16,
 'scheduler/enqueued/memory': 16,
 'start_time': datetime.datetime(2019, 11, 4, 1, 28, 38, 421005)}
2019-11-04 09:28:41 [scrapy.core.engine] INFO: Spider closed (finished)
2019-11-04 09:31:17 [scrapy.utils.log] INFO: Scrapy 1.5.0 started (bot: cyzone)
2019-11-04 09:31:17 [scrapy.utils.log] INFO: Versions: lxml 4.3.4.0, libxml2 2.9.5, cssselect 1.0.3, parsel 1.5.1, w3lib 1.20.0, Twisted 19.7.0, Python 3.6.7 (v3.6.7:6ec5cf24b7, Oct 20 2018, 13:35:33) [MSC v.1900 64 bit (AMD64)], pyOpenSSL 19.0.0 (OpenSSL 1.1.1c  28 May 2019), cryptography 2.7, Platform Windows-10-10.0.18362-SP0
2019-11-04 09:31:17 [scrapy.crawler] INFO: Overridden settings: {'BOT_NAME': 'cyzone', 'COOKIES_ENABLED': False, 'LOG_FILE': 'log/scrapy_2019_11_4.log', 'LOG_LEVEL': 'INFO', 'NEWSPIDER_MODULE': 'cyzone.spiders', 'SPIDER_MODULES': ['cyzone.spiders'], 'USER_AGENT': 'Mozilla/5.0 (Macintosh; Intel Mac OS X 10_10_5) AppleWebKit/537.36 (KHTML, like Gecko) Chrome/55.0.2883.95 Safari/537.36'}
2019-11-04 09:31:17 [scrapy.middleware] INFO: Enabled extensions:
['scrapy.extensions.corestats.CoreStats',
 'scrapy.extensions.telnet.TelnetConsole',
 'scrapy.extensions.logstats.LogStats']
2019-11-04 09:31:17 [scrapy.middleware] INFO: Enabled downloader middlewares:
['scrapy.downloadermiddlewares.httpauth.HttpAuthMiddleware',
 'scrapy.downloadermiddlewares.downloadtimeout.DownloadTimeoutMiddleware',
 'scrapy.downloadermiddlewares.defaultheaders.DefaultHeadersMiddleware',
 'scrapy.downloadermiddlewares.useragent.UserAgentMiddleware',
 'scrapy.downloadermiddlewares.retry.RetryMiddleware',
 'scrapy.downloadermiddlewares.redirect.MetaRefreshMiddleware',
 'scrapy.downloadermiddlewares.httpcompression.HttpCompressionMiddleware',
 'scrapy.downloadermiddlewares.redirect.RedirectMiddleware',
 'scrapy.downloadermiddlewares.httpproxy.HttpProxyMiddleware',
 'scrapy.downloadermiddlewares.stats.DownloaderStats']
2019-11-04 09:31:17 [scrapy.middleware] INFO: Enabled spider middlewares:
['scrapy.spidermiddlewares.httperror.HttpErrorMiddleware',
 'scrapy.spidermiddlewares.offsite.OffsiteMiddleware',
 'scrapy.spidermiddlewares.referer.RefererMiddleware',
 'scrapy.spidermiddlewares.urllength.UrlLengthMiddleware',
 'scrapy.spidermiddlewares.depth.DepthMiddleware']
2019-11-04 09:31:17 [scrapy.middleware] INFO: Enabled item pipelines:
['cyzone.pipelines.CyzonePipeline']
2019-11-04 09:31:17 [scrapy.core.engine] INFO: Spider opened
2019-11-04 09:31:17 [scrapy.extensions.logstats] INFO: Crawled 0 pages (at 0 pages/min), scraped 0 items (at 0 items/min)
2019-11-04 09:31:19 [scrapy.core.engine] INFO: Closing spider (finished)
2019-11-04 09:31:19 [scrapy.statscollectors] INFO: Dumping Scrapy stats:
{'downloader/request_bytes': 5947,
 'downloader/request_count': 16,
 'downloader/request_method_count/GET': 16,
 'downloader/response_bytes': 205993,
 'downloader/response_count': 16,
 'downloader/response_status_count/200': 16,
 'finish_reason': 'finished',
 'finish_time': datetime.datetime(2019, 11, 4, 1, 31, 19, 90636),
 'log_count/INFO': 7,
 'request_depth_max': 1,
 'response_received_count': 16,
 'scheduler/dequeued': 16,
 'scheduler/dequeued/memory': 16,
 'scheduler/enqueued': 16,
 'scheduler/enqueued/memory': 16,
 'start_time': datetime.datetime(2019, 11, 4, 1, 31, 17, 478368)}
2019-11-04 09:31:19 [scrapy.core.engine] INFO: Spider closed (finished)
2019-11-04 09:32:19 [scrapy.utils.log] INFO: Scrapy 1.5.0 started (bot: cyzone)
2019-11-04 09:32:19 [scrapy.utils.log] INFO: Versions: lxml 4.3.4.0, libxml2 2.9.5, cssselect 1.0.3, parsel 1.5.1, w3lib 1.20.0, Twisted 19.7.0, Python 3.6.7 (v3.6.7:6ec5cf24b7, Oct 20 2018, 13:35:33) [MSC v.1900 64 bit (AMD64)], pyOpenSSL 19.0.0 (OpenSSL 1.1.1c  28 May 2019), cryptography 2.7, Platform Windows-10-10.0.18362-SP0
2019-11-04 09:32:19 [scrapy.crawler] INFO: Overridden settings: {'BOT_NAME': 'cyzone', 'COOKIES_ENABLED': False, 'LOG_FILE': 'log/scrapy_2019_11_4.log', 'LOG_LEVEL': 'INFO', 'NEWSPIDER_MODULE': 'cyzone.spiders', 'SPIDER_MODULES': ['cyzone.spiders'], 'USER_AGENT': 'Mozilla/5.0 (Macintosh; Intel Mac OS X 10_10_5) AppleWebKit/537.36 (KHTML, like Gecko) Chrome/55.0.2883.95 Safari/537.36'}
2019-11-04 09:32:19 [scrapy.middleware] INFO: Enabled extensions:
['scrapy.extensions.corestats.CoreStats',
 'scrapy.extensions.telnet.TelnetConsole',
 'scrapy.extensions.logstats.LogStats']
2019-11-04 09:32:20 [scrapy.middleware] INFO: Enabled downloader middlewares:
['scrapy.downloadermiddlewares.httpauth.HttpAuthMiddleware',
 'scrapy.downloadermiddlewares.downloadtimeout.DownloadTimeoutMiddleware',
 'scrapy.downloadermiddlewares.defaultheaders.DefaultHeadersMiddleware',
 'scrapy.downloadermiddlewares.useragent.UserAgentMiddleware',
 'scrapy.downloadermiddlewares.retry.RetryMiddleware',
 'scrapy.downloadermiddlewares.redirect.MetaRefreshMiddleware',
 'scrapy.downloadermiddlewares.httpcompression.HttpCompressionMiddleware',
 'scrapy.downloadermiddlewares.redirect.RedirectMiddleware',
 'scrapy.downloadermiddlewares.httpproxy.HttpProxyMiddleware',
 'scrapy.downloadermiddlewares.stats.DownloaderStats']
2019-11-04 09:32:20 [scrapy.middleware] INFO: Enabled spider middlewares:
['scrapy.spidermiddlewares.httperror.HttpErrorMiddleware',
 'scrapy.spidermiddlewares.offsite.OffsiteMiddleware',
 'scrapy.spidermiddlewares.referer.RefererMiddleware',
 'scrapy.spidermiddlewares.urllength.UrlLengthMiddleware',
 'scrapy.spidermiddlewares.depth.DepthMiddleware']
2019-11-04 09:32:20 [scrapy.middleware] INFO: Enabled item pipelines:
['cyzone.pipelines.CyzonePipeline']
2019-11-04 09:32:20 [scrapy.core.engine] INFO: Spider opened
2019-11-04 09:32:20 [scrapy.extensions.logstats] INFO: Crawled 0 pages (at 0 pages/min), scraped 0 items (at 0 items/min)
2019-11-04 09:32:21 [scrapy.core.engine] INFO: Closing spider (finished)
2019-11-04 09:32:21 [scrapy.statscollectors] INFO: Dumping Scrapy stats:
{'downloader/request_bytes': 5947,
 'downloader/request_count': 16,
 'downloader/request_method_count/GET': 16,
 'downloader/response_bytes': 205993,
 'downloader/response_count': 16,
 'downloader/response_status_count/200': 16,
 'finish_reason': 'finished',
 'finish_time': datetime.datetime(2019, 11, 4, 1, 32, 21, 880907),
 'log_count/INFO': 7,
 'request_depth_max': 1,
 'response_received_count': 16,
 'scheduler/dequeued': 16,
 'scheduler/dequeued/memory': 16,
 'scheduler/enqueued': 16,
 'scheduler/enqueued/memory': 16,
 'start_time': datetime.datetime(2019, 11, 4, 1, 32, 20, 208662)}
2019-11-04 09:32:21 [scrapy.core.engine] INFO: Spider closed (finished)
2019-11-04 09:33:22 [scrapy.utils.log] INFO: Scrapy 1.5.0 started (bot: cyzone)
2019-11-04 09:33:22 [scrapy.utils.log] INFO: Versions: lxml 4.3.4.0, libxml2 2.9.5, cssselect 1.0.3, parsel 1.5.1, w3lib 1.20.0, Twisted 19.7.0, Python 3.6.7 (v3.6.7:6ec5cf24b7, Oct 20 2018, 13:35:33) [MSC v.1900 64 bit (AMD64)], pyOpenSSL 19.0.0 (OpenSSL 1.1.1c  28 May 2019), cryptography 2.7, Platform Windows-10-10.0.18362-SP0
2019-11-04 09:33:22 [scrapy.crawler] INFO: Overridden settings: {'BOT_NAME': 'cyzone', 'COOKIES_ENABLED': False, 'LOG_FILE': 'log/scrapy_2019_11_4.log', 'LOG_LEVEL': 'INFO', 'NEWSPIDER_MODULE': 'cyzone.spiders', 'SPIDER_MODULES': ['cyzone.spiders'], 'USER_AGENT': 'Mozilla/5.0 (Macintosh; Intel Mac OS X 10_10_5) AppleWebKit/537.36 (KHTML, like Gecko) Chrome/55.0.2883.95 Safari/537.36'}
2019-11-04 09:33:22 [scrapy.middleware] INFO: Enabled extensions:
['scrapy.extensions.corestats.CoreStats',
 'scrapy.extensions.telnet.TelnetConsole',
 'scrapy.extensions.logstats.LogStats']
2019-11-04 09:33:22 [scrapy.middleware] INFO: Enabled downloader middlewares:
['scrapy.downloadermiddlewares.httpauth.HttpAuthMiddleware',
 'scrapy.downloadermiddlewares.downloadtimeout.DownloadTimeoutMiddleware',
 'scrapy.downloadermiddlewares.defaultheaders.DefaultHeadersMiddleware',
 'scrapy.downloadermiddlewares.useragent.UserAgentMiddleware',
 'scrapy.downloadermiddlewares.retry.RetryMiddleware',
 'scrapy.downloadermiddlewares.redirect.MetaRefreshMiddleware',
 'scrapy.downloadermiddlewares.httpcompression.HttpCompressionMiddleware',
 'scrapy.downloadermiddlewares.redirect.RedirectMiddleware',
 'scrapy.downloadermiddlewares.httpproxy.HttpProxyMiddleware',
 'scrapy.downloadermiddlewares.stats.DownloaderStats']
2019-11-04 09:33:22 [scrapy.middleware] INFO: Enabled spider middlewares:
['scrapy.spidermiddlewares.httperror.HttpErrorMiddleware',
 'scrapy.spidermiddlewares.offsite.OffsiteMiddleware',
 'scrapy.spidermiddlewares.referer.RefererMiddleware',
 'scrapy.spidermiddlewares.urllength.UrlLengthMiddleware',
 'scrapy.spidermiddlewares.depth.DepthMiddleware']
2019-11-04 09:33:22 [scrapy.middleware] INFO: Enabled item pipelines:
['cyzone.pipelines.CyzonePipeline']
2019-11-04 09:33:22 [scrapy.core.engine] INFO: Spider opened
2019-11-04 09:33:22 [scrapy.extensions.logstats] INFO: Crawled 0 pages (at 0 pages/min), scraped 0 items (at 0 items/min)
2019-11-04 09:33:24 [scrapy.core.engine] INFO: Closing spider (finished)
2019-11-04 09:33:24 [scrapy.statscollectors] INFO: Dumping Scrapy stats:
{'downloader/request_bytes': 5947,
 'downloader/request_count': 16,
 'downloader/request_method_count/GET': 16,
 'downloader/response_bytes': 205993,
 'downloader/response_count': 16,
 'downloader/response_status_count/200': 16,
 'finish_reason': 'finished',
 'finish_time': datetime.datetime(2019, 11, 4, 1, 33, 24, 688624),
 'log_count/INFO': 7,
 'request_depth_max': 1,
 'response_received_count': 16,
 'scheduler/dequeued': 16,
 'scheduler/dequeued/memory': 16,
 'scheduler/enqueued': 16,
 'scheduler/enqueued/memory': 16,
 'start_time': datetime.datetime(2019, 11, 4, 1, 33, 22, 991158)}
2019-11-04 09:33:24 [scrapy.core.engine] INFO: Spider closed (finished)
